Log file open, 03/10/22 13:30:49
LogWindows: Failed to load 'aqProf.dll' (GetLastError=126)
LogWindows: File 'aqProf.dll' does not exist
LogWindows: Failed to load 'VtuneApi.dll' (GetLastError=126)
LogWindows: File 'VtuneApi.dll' does not exist
LogWindows: Failed to load 'VtuneApi32e.dll' (GetLastError=126)
LogWindows: File 'VtuneApi32e.dll' does not exist
LogConsoleResponse: Display: Failed to find resolution value strings in scalability ini. Falling back to default.
LogConsoleResponse: Display: Failed to find resolution value strings in scalability ini. Falling back to default.
LogInit: Display: Running engine for game: Ca1VR
LogPlatformFile: Not using cached read wrapper
LogTaskGraph: Started task graph with 5 named threads and 47 total threads with 3 sets of task threads.
LogStats: Stats thread started at 0.274721
LogICUInternationalization: ICU TimeZone Detection - Raw Offset: +0:00, Platform Override: ''
LogInit: Display: Loading text-based GConfig....
LogPluginManager: Mounting plugin MeshPainting
LogPluginManager: Mounting plugin XGEController
LogPluginManager: Mounting plugin Paper2D
LogPluginManager: Mounting plugin AISupport
LogPluginManager: Mounting plugin EnvironmentQueryEditor
LogPluginManager: Mounting plugin LightPropagationVolume
LogPluginManager: Mounting plugin LiveLink
LogPluginManager: Mounting plugin CameraShakePreviewer
LogPluginManager: Mounting plugin GameplayCameras
LogPluginManager: Mounting plugin OodleNetwork
LogPluginManager: Mounting plugin OodleData
LogPluginManager: Mounting plugin AssetManagerEditor
LogPluginManager: Mounting plugin AnimationSharing
LogPluginManager: Mounting plugin CLionSourceCodeAccess
LogPluginManager: Mounting plugin DataValidation
LogPluginManager: Mounting plugin GitSourceControl
LogPluginManager: Mounting plugin CurveEditorTools
LogPluginManager: Mounting plugin CryptoKeys
LogPluginManager: Mounting plugin CodeLiteSourceCodeAccess
LogPluginManager: Mounting plugin NullSourceCodeAccess
LogPluginManager: Mounting plugin PerforceSourceControl
LogPluginManager: Mounting plugin GeometryMode
LogPluginManager: Mounting plugin GameplayTagsEditor
LogPluginManager: Mounting plugin FacialAnimation
LogPluginManager: Mounting plugin PlasticSourceControl
LogPluginManager: Mounting plugin MacGraphicsSwitching
LogPluginManager: Mounting plugin MaterialAnalyzer
LogPluginManager: Mounting plugin KDevelopSourceCodeAccess
LogPluginManager: Mounting plugin PluginBrowser
LogPluginManager: Mounting plugin PropertyAccessNode
LogPluginManager: Mounting plugin RiderSourceCodeAccess
LogPluginManager: Mounting plugin TextureFormatOodle
LogPluginManager: Mounting plugin SubversionSourceControl
LogPluginManager: Mounting plugin VisualStudioCodeSourceCodeAccess
LogPluginManager: Mounting plugin PluginUtils
LogPluginManager: Mounting plugin VisualStudioSourceCodeAccess
LogPluginManager: Mounting plugin XCodeSourceCodeAccess
LogPluginManager: Mounting plugin DatasmithContent
LogPluginManager: Mounting plugin SpeedTreeImporter
LogPluginManager: Mounting plugin UObjectPlugin
LogPluginManager: Mounting plugin MobileLauncherProfileWizard
LogPluginManager: Mounting plugin VariantManagerContent
LogPluginManager: Mounting plugin PixWinPlugin
LogPluginManager: Mounting plugin BackChannel
LogPluginManager: Mounting plugin ChaosCloth
LogPluginManager: Mounting plugin ChaosClothEditor
LogPluginManager: Mounting plugin ChaosEditor
LogPluginManager: Mounting plugin ChaosSolverPlugin
LogPluginManager: Mounting plugin ChaosNiagara
LogPluginManager: Mounting plugin Niagara
LogPluginManager: Mounting plugin CharacterAI
LogPluginManager: Mounting plugin GeometryCache
LogPluginManager: Mounting plugin GeometryProcessing
LogPluginManager: Mounting plugin GeometryCollectionPlugin
LogPluginManager: Mounting plugin AutomationUtils
LogPluginManager: Mounting plugin MotoSynth
LogPluginManager: Mounting plugin OpenImageDenoise
LogPluginManager: Mounting plugin AlembicImporter
LogPluginManager: Mounting plugin PlanarCut
LogPluginManager: Mounting plugin PlatformCrypto
LogPluginManager: Mounting plugin ProxyLODPlugin
LogPluginManager: Mounting plugin PythonScriptPlugin
LogPluginManager: Mounting plugin SkeletalReduction
LogPluginManager: Mounting plugin LuminPlatformFeatures
LogPluginManager: Mounting plugin MagicLeap
LogPluginManager: Mounting plugin MagicLeapLightEstimation
LogPluginManager: Mounting plugin MagicLeapMedia
LogPluginManager: Mounting plugin AndroidMedia
LogPluginManager: Mounting plugin AvfMedia
LogPluginManager: Mounting plugin MagicLeapPassableWorld
LogPluginManager: Mounting plugin ImgMedia
LogPluginManager: Mounting plugin MediaCompositing
LogPluginManager: Mounting plugin WebMMedia
LogPluginManager: Mounting plugin WmfMedia
LogPluginManager: Mounting plugin TcpMessaging
LogPluginManager: Mounting plugin UdpMessaging
LogPluginManager: Mounting plugin MLSDK
LogPluginManager: Mounting plugin MediaPlayerEditor
LogPluginManager: Mounting plugin ActorSequence
LogPluginManager: Mounting plugin MatineeToLevelSequence
LogPluginManager: Mounting plugin LevelSequenceEditor
LogPluginManager: Mounting plugin TemplateSequence
LogPluginManager: Mounting plugin OnlineSubsystem
LogPluginManager: Mounting plugin OnlineSubsystemNull
LogPluginManager: Mounting plugin OnlineSubsystemUtils
LogPluginManager: Mounting plugin LauncherChunkInstaller
LogPluginManager: Mounting plugin ActorLayerUtilities
LogPluginManager: Mounting plugin AndroidDeviceProfileSelector
LogPluginManager: Mounting plugin AndroidMoviePlayer
LogPluginManager: Mounting plugin AndroidPermission
LogPluginManager: Mounting plugin AppleImageUtils
LogPluginManager: Mounting plugin ArchVisCharacter
LogPluginManager: Mounting plugin AudioCapture
LogPluginManager: Mounting plugin AssetTags
LogPluginManager: Mounting plugin CableComponent
LogPluginManager: Mounting plugin CustomMeshComponent
LogPluginManager: Mounting plugin EditableMesh
LogPluginManager: Mounting plugin AppleMoviePlayer
LogPluginManager: Mounting plugin ExampleDeviceProfileSelector
LogPluginManager: Mounting plugin AudioSynesthesia
LogPluginManager: Mounting plugin GooglePAD
LogPluginManager: Mounting plugin GoogleCloudMessaging
LogPluginManager: Mounting plugin IOSDeviceProfileSelector
LogPluginManager: Mounting plugin LinuxDeviceProfileSelector
LogPluginManager: Mounting plugin LocationServicesBPLibrary
LogPluginManager: Mounting plugin MobilePatchingUtils
LogPluginManager: Mounting plugin OpenXR
LogPluginManager: Mounting plugin OpenXRHandTracking
LogPluginManager: Mounting plugin OpenXREyeTracker
LogPluginManager: Mounting plugin PostSplashScreen
LogPluginManager: Mounting plugin PhysXVehicles
LogPluginManager: Mounting plugin ChunkDownloader
LogPluginManager: Mounting plugin ProceduralMeshComponent
LogPluginManager: Mounting plugin SignificanceManager
LogPluginManager: Mounting plugin SoundFields
LogPluginManager: Mounting plugin ResonanceAudio
LogPluginManager: Mounting plugin PropertyAccessEditor
LogPluginManager: Mounting plugin Synthesis
LogPluginManager: Mounting plugin WebMMoviePlayer
LogPluginManager: Mounting plugin WindowsMoviePlayer
LogPluginManager: Mounting plugin RuntimePhysXCooking
LogPluginManager: Mounting plugin ScreenshotTools
LogPluginManager: Mounting plugin Takes
LogPluginManager: Mounting plugin ContentBrowserAssetDataSource
LogPluginManager: Mounting plugin ContentBrowserClassDataSource
LogPluginManager: Mounting plugin ContentBrowserFileDataSource
LogPluginManager: Mounting plugin OnlineSubsystemIOS
LogPluginManager: Mounting plugin OnlineSubsystemGooglePlay
LogPluginManager: Mounting plugin OculusOpenXR
LogPluginManager: Mounting plugin SteamVR
PixWinPlugin: PIX capture plugin failed to initialize! Check that the process is launched from PIX.
LogInit: Using libcurl 7.55.1-DEV
LogInit:  - built for x86_64-pc-win32
LogInit:  - supports SSL with OpenSSL/1.1.1
LogInit:  - supports HTTP deflate (compression) using libz 1.2.8
LogInit:  - other features:
LogInit:      CURL_VERSION_SSL
LogInit:      CURL_VERSION_LIBZ
LogInit:      CURL_VERSION_IPV6
LogInit:      CURL_VERSION_ASYNCHDNS
LogInit:      CURL_VERSION_LARGEFILE
LogInit:      CURL_VERSION_IDN
LogInit:  CurlRequestOptions (configurable via config and command line):
LogInit:  - bVerifyPeer = true  - Libcurl will verify peer certificate
LogInit:  - bUseHttpProxy = false  - Libcurl will NOT use HTTP proxy
LogInit:  - bDontReuseConnections = false  - Libcurl will reuse connections
LogInit:  - MaxHostConnections = 16  - Libcurl will limit the number of connections to a host
LogInit:  - LocalHostAddr = Default
LogInit:  - BufferSize = 65536
LogOnline: OSS: Creating online subsystem instance for: NULL
LogInit: WinSock: version 1.1 (2.2), MaxSocks=32767, MaxUdp=65467
LogOnline: OSS: TryLoadSubsystemAndSetDefault: Loaded subsystem for module [NULL]
LogInit: Build: ++UE4+Release-4.27-CL-18319896
LogInit: Engine Version: 4.27.2-18319896+++UE4+Release-4.27
LogInit: Compatible Engine Version: 4.27.0-17155196+++UE4+Release-4.27
LogInit: Net CL: 17155196
LogInit: OS: Windows 10 (Release 2009) (), CPU: AMD Ryzen 7 5700U with Radeon Graphics         , GPU: AMD Radeon(TM) Graphics
LogInit: Compiled (64-bit): Nov 30 2021 07:12:08
LogInit: Compiled with Visual C++: 19.24.28315.00
LogInit: Build Configuration: Development
LogInit: Branch Name: ++UE4+Release-4.27
LogInit: Command Line: 
LogInit: Base Directory: C:/Program Files/Epic Games/UE_4.27/Engine/Binaries/Win64/
LogInit: Allocator: TBB
LogInit: Installed Engine Build: 1
LogDevObjectVersion: Number of dev versions registered: 29
LogDevObjectVersion:   Dev-Blueprints (B0D832E4-1F89-4F0D-ACCF-7EB736FD4AA2): 10
LogDevObjectVersion:   Dev-Build (E1C64328-A22C-4D53-A36C-8E866417BD8C): 0
LogDevObjectVersion:   Dev-Core (375EC13C-06E4-48FB-B500-84F0262A717E): 4
LogDevObjectVersion:   Dev-Editor (E4B068ED-F494-42E9-A231-DA0B2E46BB41): 40
LogDevObjectVersion:   Dev-Framework (CFFC743F-43B0-4480-9391-14DF171D2073): 37
LogDevObjectVersion:   Dev-Mobile (B02B49B5-BB20-44E9-A304-32B752E40360): 3
LogDevObjectVersion:   Dev-Networking (A4E4105C-59A1-49B5-A7C5-40C4547EDFEE): 0
LogDevObjectVersion:   Dev-Online (39C831C9-5AE6-47DC-9A44-9C173E1C8E7C): 0
LogDevObjectVersion:   Dev-Physics (78F01B33-EBEA-4F98-B9B4-84EACCB95AA2): 14
LogDevObjectVersion:   Dev-Platform (6631380F-2D4D-43E0-8009-CF276956A95A): 0
LogDevObjectVersion:   Dev-Rendering (12F88B9F-8875-4AFC-A67C-D90C383ABD29): 45
LogDevObjectVersion:   Dev-Sequencer (7B5AE74C-D270-4C10-A958-57980B212A5A): 13
LogDevObjectVersion:   Dev-VR (D7296918-1DD6-4BDD-9DE2-64A83CC13884): 3
LogDevObjectVersion:   Dev-LoadTimes (C2A15278-BFE7-4AFE-6C17-90FF531DF755): 1
LogDevObjectVersion:   Private-Geometry (6EACA3D4-40EC-4CC1-B786-8BED09428FC5): 3
LogDevObjectVersion:   Dev-AnimPhys (29E575DD-E0A3-4627-9D10-D276232CDCEA): 17
LogDevObjectVersion:   Dev-Anim (AF43A65D-7FD3-4947-9873-3E8ED9C1BB05): 15
LogDevObjectVersion:   Dev-ReflectionCapture (6B266CEC-1EC7-4B8F-A30B-E4D90942FC07): 1
LogDevObjectVersion:   Dev-Automation (0DF73D61-A23F-47EA-B727-89E90C41499A): 1
LogDevObjectVersion:   FortniteMain (601D1886-AC64-4F84-AA16-D3DE0DEAC7D6): 47
LogDevObjectVersion:   FortniteRelease (E7086368-6B23-4C58-8439-1B7016265E91): 1
LogDevObjectVersion:   Dev-Enterprise (9DFFBCD6-494F-0158-E221-12823C92A888): 10
LogDevObjectVersion:   Dev-Niagara (F2AED0AC-9AFE-416F-8664-AA7FFA26D6FC): 1
LogDevObjectVersion:   Dev-Destruction (174F1F0B-B4C6-45A5-B13F-2EE8D0FB917D): 10
LogDevObjectVersion:   Dev-Physics-Ext (35F94A83-E258-406C-A318-09F59610247C): 41
LogDevObjectVersion:   Dev-PhysicsMaterial-Chaos (B68FC16E-8B1B-42E2-B453-215C058844FE): 1
LogDevObjectVersion:   Dev-CineCamera (B2E18506-4273-CFC2-A54E-F4BB758BBA07): 1
LogDevObjectVersion:   Dev-VirtualProduction (64F58936-FD1B-42BA-BA96-7289D5D0FA4E): 1
LogDevObjectVersion:   Dev-MediaFramework (6F0ED827-A609-4895-9C91-998D90180EA4): 2
LogInit: Presizing for max 25165824 objects, including 0 objects not considered by GC, pre-allocating 0 bytes for permanent pool.
LogConfig: Applying CVar settings from Section [/Script/Engine.StreamingSettings] File [C:/Users/seanr/OneDrive/Documents/GitHub/Ca1VR/Saved/Config/Windows/Engine.ini]
LogConfig: Setting CVar [[s.MinBulkDataSizeForAsyncLoading:131072]]
LogConfig: Setting CVar [[s.AsyncLoadingThreadEnabled:0]]
LogConfig: Setting CVar [[s.EventDrivenLoaderEnabled:1]]
LogConfig: Setting CVar [[s.WarnIfTimeLimitExceeded:0]]
LogConfig: Setting CVar [[s.TimeLimitExceededMultiplier:1.5]]
LogConfig: Setting CVar [[s.TimeLimitExceededMinTime:0.005]]
LogConfig: Setting CVar [[s.UseBackgroundLevelStreaming:1]]
LogConfig: Setting CVar [[s.PriorityAsyncLoadingExtraTime:15.0]]
LogConfig: Setting CVar [[s.LevelStreamingActorsUpdateTimeLimit:5.0]]
LogConfig: Setting CVar [[s.PriorityLevelStreamingActorsUpdateExtraTime:5.0]]
LogConfig: Setting CVar [[s.LevelStreamingComponentsRegistrationGranularity:10]]
LogConfig: Setting CVar [[s.UnregisterComponentsTimeLimit:1.0]]
LogConfig: Setting CVar [[s.LevelStreamingComponentsUnregistrationGranularity:5]]
LogConfig: Setting CVar [[s.FlushStreamingOnExit:1]]
LogInit: Object subsystem initialized
LogConfig: Setting CVar [[con.DebugEarlyDefault:1]]
LogConfig: Setting CVar [[r.setres:1280x720]]
[2022.03.10-13.30.49:823][  0]LogConfig: Setting CVar [[r.VSync:0]]
[2022.03.10-13.30.49:823][  0]LogConfig: Setting CVar [[r.RHICmdBypass:0]]
[2022.03.10-13.30.49:823][  0]LogConfig: Applying CVar settings from Section [/Script/Engine.RendererSettings] File [C:/Users/seanr/OneDrive/Documents/GitHub/Ca1VR/Saved/Config/Windows/Engine.ini]
[2022.03.10-13.30.49:823][  0]LogConfig: Setting CVar [[r.GPUCrashDebugging:0]]
[2022.03.10-13.30.49:823][  0]LogConfig: Setting CVar [[r.Mobile.DisableVertexFog:1]]
[2022.03.10-13.30.49:823][  0]LogConfig: Setting CVar [[r.Shadow.CSM.MaxMobileCascades:2]]
[2022.03.10-13.30.49:823][  0]LogConfig: Setting CVar [[r.MobileMSAA:4]]
[2022.03.10-13.30.49:823][  0]LogConfig: Setting CVar [[r.Mobile.AllowDitheredLODTransition:0]]
[2022.03.10-13.30.49:823][  0]LogConfig: Setting CVar [[r.Mobile.AllowSoftwareOcclusion:0]]
[2022.03.10-13.30.49:823][  0]LogConfig: Setting CVar [[r.Mobile.VirtualTextures:0]]
[2022.03.10-13.30.49:823][  0]LogConfig: Setting CVar [[r.DiscardUnusedQuality:0]]
[2022.03.10-13.30.49:823][  0]LogConfig: Setting CVar [[r.AllowOcclusionQueries:1]]
[2022.03.10-13.30.49:823][  0]LogConfig: Setting CVar [[r.MinScreenRadiusForLights:0.030000]]
[2022.03.10-13.30.49:823][  0]LogConfig: Setting CVar [[r.MinScreenRadiusForDepthPrepass:0.030000]]
[2022.03.10-13.30.49:823][  0]LogConfig: Setting CVar [[r.MinScreenRadiusForCSMDepth:0.010000]]
[2022.03.10-13.30.49:823][  0]LogConfig: Setting CVar [[r.PrecomputedVisibilityWarning:0]]
[2022.03.10-13.30.49:823][  0]LogConfig: Setting CVar [[r.TextureStreaming:1]]
[2022.03.10-13.30.49:823][  0]LogConfig: Setting CVar [[Compat.UseDXT5NormalMaps:0]]
[2022.03.10-13.30.49:823][  0]LogConfig: Setting CVar [[r.VirtualTextures:0]]
[2022.03.10-13.30.49:823][  0]LogConfig: Setting CVar [[r.VirtualTexturedLightmaps:0]]
[2022.03.10-13.30.49:823][  0]LogConfig: Setting CVar [[r.VT.TileSize:128]]
[2022.03.10-13.30.49:823][  0]LogConfig: Setting CVar [[r.VT.TileBorderSize:4]]
[2022.03.10-13.30.49:823][  0]LogConfig: Setting CVar [[r.vt.FeedbackFactor:16]]
[2022.03.10-13.30.49:823][  0]LogConfig: Setting CVar [[r.VT.EnableCompressZlib:1]]
[2022.03.10-13.30.49:823][  0]LogConfig: Setting CVar [[r.VT.EnableCompressCrunch:0]]
[2022.03.10-13.30.49:823][  0]LogConfig: Setting CVar [[r.ClearCoatNormal:0]]
[2022.03.10-13.30.49:823][  0]LogConfig: Setting CVar [[r.ReflectionCaptureResolution:128]]
[2022.03.10-13.30.49:823][  0]LogConfig: Setting CVar [[r.Mobile.ReflectionCaptureCompression:0]]
[2022.03.10-13.30.49:823][  0]LogConfig: Setting CVar [[r.ReflectionEnvironmentLightmapMixBasedOnRoughness:1]]
[2022.03.10-13.30.49:823][  0]LogConfig: Setting CVar [[r.ForwardShading:1]]
[2022.03.10-13.30.49:823][  0]LogConfig: Setting CVar [[r.VertexFoggingForOpaque:1]]
[2022.03.10-13.30.49:823][  0]LogConfig: Setting CVar [[r.AllowStaticLighting:1]]
[2022.03.10-13.30.49:823][  0]LogConfig: Setting CVar [[r.NormalMapsForStaticLighting:0]]
[2022.03.10-13.30.49:823][  0]LogConfig: Setting CVar [[r.GenerateMeshDistanceFields:0]]
[2022.03.10-13.30.49:823][  0]LogConfig: Setting CVar [[r.DistanceFieldBuild.EightBit:0]]
[2022.03.10-13.30.49:823][  0]LogConfig: Setting CVar [[r.GenerateLandscapeGIData:0]]
[2022.03.10-13.30.49:823][  0]LogConfig: Setting CVar [[r.DistanceFieldBuild.Compress:0]]
[2022.03.10-13.30.49:823][  0]LogConfig: Setting CVar [[r.TessellationAdaptivePixelsPerTriangle:48.000000]]
[2022.03.10-13.30.49:823][  0]LogConfig: Setting CVar [[r.SeparateTranslucency:0]]
[2022.03.10-13.30.49:823][  0]LogConfig: Setting CVar [[r.TranslucentSortPolicy:0]]
[2022.03.10-13.30.49:823][  0]LogConfig: Setting CVar [[r.CustomDepth:1]]
[2022.03.10-13.30.49:823][  0]LogConfig: Setting CVar [[r.CustomDepthTemporalAAJitter:1]]
[2022.03.10-13.30.49:823][  0]LogConfig: Setting CVar [[r.PostProcessing.PropagateAlpha:0]]
[2022.03.10-13.30.49:823][  0]LogConfig: Setting CVar [[r.DefaultFeature.Bloom:0]]
[2022.03.10-13.30.49:823][  0]LogConfig: Setting CVar [[r.DefaultFeature.AmbientOcclusion:0]]
[2022.03.10-13.30.49:823][  0]LogConfig: Setting CVar [[r.DefaultFeature.AmbientOcclusionStaticFraction:1]]
[2022.03.10-13.30.49:823][  0]LogConfig: Setting CVar [[r.DefaultFeature.AutoExposure:0]]
[2022.03.10-13.30.49:823][  0]LogConfig: Setting CVar [[r.DefaultFeature.AutoExposure.Method:0]]
[2022.03.10-13.30.49:823][  0]LogConfig: Setting CVar [[r.DefaultFeature.AutoExposure.Bias:1.000000]]
[2022.03.10-13.30.49:823][  0]LogConfig: Setting CVar [[r.DefaultFeature.AutoExposure.ExtendDefaultLuminanceRange:1]]
[2022.03.10-13.30.49:823][  0]LogConfig: Setting CVar [[r.UsePreExposure:1]]
[2022.03.10-13.30.49:823][  0]LogConfig: Setting CVar [[r.EyeAdaptation.EditorOnly:0]]
[2022.03.10-13.30.49:823][  0]LogConfig: Setting CVar [[r.DefaultFeature.MotionBlur:0]]
[2022.03.10-13.30.49:823][  0]LogConfig: Setting CVar [[r.DefaultFeature.LensFlare:0]]
[2022.03.10-13.30.49:824][  0]LogConfig: Setting CVar [[r.TemporalAA.Upsampling:0]]
[2022.03.10-13.30.49:824][  0]LogConfig: Setting CVar [[r.SSGI.Enable:0]]
[2022.03.10-13.30.49:824][  0]LogConfig: Setting CVar [[r.DefaultFeature.AntiAliasing:3]]
[2022.03.10-13.30.49:824][  0]LogConfig: Setting CVar [[r.DefaultFeature.LightUnits:1]]
[2022.03.10-13.30.49:824][  0]LogConfig: Setting CVar [[r.DefaultBackBufferPixelFormat:4]]
[2022.03.10-13.30.49:824][  0]LogConfig: Setting CVar [[r.Shadow.UnbuiltPreviewInGame:1]]
[2022.03.10-13.30.49:824][  0]LogConfig: Setting CVar [[r.StencilForLODDither:0]]
[2022.03.10-13.30.49:824][  0]LogConfig: Setting CVar [[r.EarlyZPass:3]]
[2022.03.10-13.30.49:824][  0]LogConfig: Setting CVar [[r.EarlyZPassOnlyMaterialMasking:0]]
[2022.03.10-13.30.49:824][  0]LogConfig: Setting CVar [[r.DBuffer:1]]
[2022.03.10-13.30.49:824][  0]LogConfig: Setting CVar [[r.ClearSceneMethod:1]]
[2022.03.10-13.30.49:824][  0]LogConfig: Setting CVar [[r.BasePassOutputsVelocity:0]]
[2022.03.10-13.30.49:824][  0]LogConfig: Setting CVar [[r.VertexDeformationOutputsVelocity:0]]
[2022.03.10-13.30.49:824][  0]LogConfig: Setting CVar [[r.SelectiveBasePassOutputs:0]]
[2022.03.10-13.30.49:824][  0]LogConfig: Setting CVar [[fx.GPUSimulationTextureSizeX:1024]]
[2022.03.10-13.30.49:824][  0]LogConfig: Setting CVar [[fx.GPUSimulationTextureSizeY:1024]]
[2022.03.10-13.30.49:824][  0]LogConfig: Setting CVar [[r.AllowGlobalClipPlane:0]]
[2022.03.10-13.30.49:824][  0]LogConfig: Setting CVar [[r.GBufferFormat:1]]
[2022.03.10-13.30.49:824][  0]LogConfig: Setting CVar [[r.MorphTarget.Mode:1]]
[2022.03.10-13.30.49:824][  0]LogConfig: Setting CVar [[vr.InstancedStereo:1]]
[2022.03.10-13.30.49:824][  0]LogConfig: Setting CVar [[r.MobileHDR:0]]
[2022.03.10-13.30.49:824][  0]LogConfig: Setting CVar [[vr.MobileMultiView:1]]
[2022.03.10-13.30.49:824][  0]LogConfig: Setting CVar [[r.Mobile.UseHWsRGBEncoding:1]]
[2022.03.10-13.30.49:824][  0]LogConfig: Setting CVar [[vr.RoundRobinOcclusion:0]]
[2022.03.10-13.30.49:824][  0]LogConfig: Setting CVar [[vr.ODSCapture:0]]
[2022.03.10-13.30.49:824][  0]LogConfig: Setting CVar [[r.MeshStreaming:0]]
[2022.03.10-13.30.49:824][  0]LogConfig: Setting CVar [[r.WireframeCullThreshold:5.000000]]
[2022.03.10-13.30.49:824][  0]LogConfig: Setting CVar [[r.RayTracing:0]]
[2022.03.10-13.30.49:824][  0]LogConfig: Setting CVar [[r.RayTracing.UseTextureLod:0]]
[2022.03.10-13.30.49:824][  0]LogConfig: Setting CVar [[r.SupportStationarySkylight:1]]
[2022.03.10-13.30.49:824][  0]LogConfig: Setting CVar [[r.SupportLowQualityLightmaps:1]]
[2022.03.10-13.30.49:824][  0]LogConfig: Setting CVar [[r.SupportPointLightWholeSceneShadows:1]]
[2022.03.10-13.30.49:824][  0]LogConfig: Setting CVar [[r.SupportAtmosphericFog:1]]
[2022.03.10-13.30.49:824][  0]LogConfig: Setting CVar [[r.SupportSkyAtmosphere:1]]
[2022.03.10-13.30.49:824][  0]LogConfig: Setting CVar [[r.SupportSkyAtmosphereAffectsHeightFog:0]]
[2022.03.10-13.30.49:824][  0]LogConfig: Setting CVar [[r.SkinCache.CompileShaders:0]]
[2022.03.10-13.30.49:824][  0]LogConfig: Setting CVar [[r.SkinCache.DefaultBehavior:1]]
[2022.03.10-13.30.49:824][  0]LogConfig: Setting CVar [[r.SkinCache.SceneMemoryLimitInMB:128.000000]]
[2022.03.10-13.30.49:824][  0]LogConfig: Setting CVar [[r.Mobile.EnableStaticAndCSMShadowReceivers:1]]
[2022.03.10-13.30.49:824][  0]LogConfig: Setting CVar [[r.Mobile.EnableMovableLightCSMShaderCulling:1]]
[2022.03.10-13.30.49:824][  0]LogConfig: Setting CVar [[r.Mobile.AllowDistanceFieldShadows:1]]
[2022.03.10-13.30.49:824][  0]LogConfig: Setting CVar [[r.Mobile.AllowMovableDirectionalLights:1]]
[2022.03.10-13.30.49:824][  0]LogConfig: Setting CVar [[r.MobileNumDynamicPointLights:4]]
[2022.03.10-13.30.49:824][  0]LogConfig: Setting CVar [[r.MobileDynamicPointLightsUseStaticBranch:1]]
[2022.03.10-13.30.49:824][  0]LogConfig: Setting CVar [[r.Mobile.EnableMovableSpotlights:0]]
[2022.03.10-13.30.49:824][  0]LogConfig: Setting CVar [[r.Mobile.EnableMovableSpotlightsShadow:0]]
[2022.03.10-13.30.49:824][  0]LogConfig: Setting CVar [[r.GPUSkin.Support16BitBoneIndex:0]]
[2022.03.10-13.30.49:824][  0]LogConfig: Setting CVar [[r.GPUSkin.Limit2BoneInfluences:0]]
[2022.03.10-13.30.49:824][  0]LogConfig: Setting CVar [[r.SupportDepthOnlyIndexBuffers:1]]
[2022.03.10-13.30.49:824][  0]LogConfig: Setting CVar [[r.SupportReversedIndexBuffers:1]]
[2022.03.10-13.30.49:824][  0]LogConfig: Setting CVar [[r.LightPropagationVolume:0]]
[2022.03.10-13.30.49:824][  0]LogConfig: Setting CVar [[r.Mobile.AmbientOcclusion:0]]
[2022.03.10-13.30.49:824][  0]LogConfig: Setting CVar [[r.GPUSkin.UnlimitedBoneInfluences:0]]
[2022.03.10-13.30.49:824][  0]LogConfig: Setting CVar [[r.GPUSkin.UnlimitedBoneInfluencesThreshold:8]]
[2022.03.10-13.30.49:824][  0]LogConfig: Setting CVar [[r.Mobile.PlanarReflectionMode:0]]
[2022.03.10-13.30.49:824][  0]LogConfig: Setting CVar [[r.Mobile.SupportGPUScene:1]]
[2022.03.10-13.30.49:824][  0]LogConfig: Applying CVar settings from Section [/Script/Engine.RendererOverrideSettings] File [C:/Users/seanr/OneDrive/Documents/GitHub/Ca1VR/Saved/Config/Windows/Engine.ini]
[2022.03.10-13.30.49:824][  0]LogConfig: Applying CVar settings from Section [/Script/Engine.StreamingSettings] File [C:/Users/seanr/OneDrive/Documents/GitHub/Ca1VR/Saved/Config/Windows/Engine.ini]
[2022.03.10-13.30.49:824][  0]LogConfig: Setting CVar [[s.MinBulkDataSizeForAsyncLoading:131072]]
[2022.03.10-13.30.49:824][  0]LogConfig: Setting CVar [[s.AsyncLoadingThreadEnabled:0]]
[2022.03.10-13.30.49:824][  0]LogConfig: Setting CVar [[s.EventDrivenLoaderEnabled:1]]
[2022.03.10-13.30.49:824][  0]LogConfig: Setting CVar [[s.WarnIfTimeLimitExceeded:0]]
[2022.03.10-13.30.49:824][  0]LogConfig: Setting CVar [[s.TimeLimitExceededMultiplier:1.5]]
[2022.03.10-13.30.49:824][  0]LogConfig: Setting CVar [[s.TimeLimitExceededMinTime:0.005]]
[2022.03.10-13.30.49:824][  0]LogConfig: Setting CVar [[s.UseBackgroundLevelStreaming:1]]
[2022.03.10-13.30.49:824][  0]LogConfig: Setting CVar [[s.PriorityAsyncLoadingExtraTime:15.0]]
[2022.03.10-13.30.49:824][  0]LogConfig: Setting CVar [[s.LevelStreamingActorsUpdateTimeLimit:5.0]]
[2022.03.10-13.30.49:824][  0]LogConfig: Setting CVar [[s.PriorityLevelStreamingActorsUpdateExtraTime:5.0]]
[2022.03.10-13.30.49:824][  0]LogConfig: Setting CVar [[s.LevelStreamingComponentsRegistrationGranularity:10]]
[2022.03.10-13.30.49:824][  0]LogConfig: Setting CVar [[s.UnregisterComponentsTimeLimit:1.0]]
[2022.03.10-13.30.49:824][  0]LogConfig: Setting CVar [[s.LevelStreamingComponentsUnregistrationGranularity:5]]
[2022.03.10-13.30.49:824][  0]LogConfig: Setting CVar [[s.FlushStreamingOnExit:1]]
[2022.03.10-13.30.49:824][  0]LogConfig: Applying CVar settings from Section [/Script/Engine.GarbageCollectionSettings] File [C:/Users/seanr/OneDrive/Documents/GitHub/Ca1VR/Saved/Config/Windows/Engine.ini]
[2022.03.10-13.30.49:824][  0]LogConfig: Setting CVar [[gc.MaxObjectsNotConsideredByGC:1]]
[2022.03.10-13.30.49:824][  0]LogConfig: Setting CVar [[gc.SizeOfPermanentObjectPool:0]]
[2022.03.10-13.30.49:824][  0]LogConfig: Setting CVar [[gc.FlushStreamingOnGC:0]]
[2022.03.10-13.30.49:824][  0]LogConfig: Setting CVar [[gc.NumRetriesBeforeForcingGC:10]]
[2022.03.10-13.30.49:824][  0]LogConfig: Setting CVar [[gc.AllowParallelGC:1]]
[2022.03.10-13.30.49:824][  0]LogConfig: Setting CVar [[gc.TimeBetweenPurgingPendingKillObjects:61.1]]
[2022.03.10-13.30.49:824][  0]LogConfig: Setting CVar [[gc.MaxObjectsInEditor:25165824]]
[2022.03.10-13.30.49:824][  0]LogConfig: Setting CVar [[gc.IncrementalBeginDestroyEnabled:1]]
[2022.03.10-13.30.49:824][  0]LogConfig: Setting CVar [[gc.CreateGCClusters:1]]
[2022.03.10-13.30.49:824][  0]LogConfig: Setting CVar [[gc.MinGCClusterSize:5]]
[2022.03.10-13.30.49:824][  0]LogConfig: Setting CVar [[gc.ActorClusteringEnabled:0]]
[2022.03.10-13.30.49:824][  0]LogConfig: Setting CVar [[gc.BlueprintClusteringEnabled:0]]
[2022.03.10-13.30.49:824][  0]LogConfig: Setting CVar [[gc.UseDisregardForGCOnDedicatedServers:0]]
[2022.03.10-13.30.49:824][  0]LogConfig: Setting CVar [[gc.MultithreadedDestructionEnabled:1]]
[2022.03.10-13.30.49:824][  0]LogConfig: Applying CVar settings from Section [/Script/Engine.NetworkSettings] File [C:/Users/seanr/OneDrive/Documents/GitHub/Ca1VR/Saved/Config/Windows/Engine.ini]
[2022.03.10-13.30.49:824][  0]LogConfig: Applying CVar settings from Section [/Script/UnrealEd.CookerSettings] File [C:/Users/seanr/OneDrive/Documents/GitHub/Ca1VR/Saved/Config/Windows/Engine.ini]
[2022.03.10-13.30.49:829][  0]LogConfig: Applying CVar settings from Section [ViewDistanceQuality@3] File [C:/Users/seanr/OneDrive/Documents/GitHub/Ca1VR/Saved/Config/Windows/Scalability.ini]
[2022.03.10-13.30.49:829][  0]LogConfig: Setting CVar [[r.SkeletalMeshLODBias:0]]
[2022.03.10-13.30.49:829][  0]LogConfig: Setting CVar [[r.ViewDistanceScale:1.0]]
[2022.03.10-13.30.49:829][  0]LogConfig: Applying CVar settings from Section [AntiAliasingQuality@3] File [C:/Users/seanr/OneDrive/Documents/GitHub/Ca1VR/Saved/Config/Windows/Scalability.ini]
[2022.03.10-13.30.49:829][  0]LogConfig: Setting CVar [[r.PostProcessAAQuality:4]]
[2022.03.10-13.30.49:829][  0]LogConfig: Applying CVar settings from Section [ShadowQuality@3] File [C:/Users/seanr/OneDrive/Documents/GitHub/Ca1VR/Saved/Config/Windows/Scalability.ini]
[2022.03.10-13.30.49:830][  0]LogConfig: Setting CVar [[r.LightFunctionQuality:1]]
[2022.03.10-13.30.49:830][  0]LogConfig: Setting CVar [[r.ShadowQuality:5]]
[2022.03.10-13.30.49:830][  0]LogConfig: Setting CVar [[r.Shadow.CSM.MaxCascades:10]]
[2022.03.10-13.30.49:830][  0]LogConfig: Setting CVar [[r.Shadow.MaxResolution:2048]]
[2022.03.10-13.30.49:830][  0]LogConfig: Setting CVar [[r.Shadow.MaxCSMResolution:2048]]
[2022.03.10-13.30.49:830][  0]LogConfig: Setting CVar [[r.Shadow.RadiusThreshold:0.01]]
[2022.03.10-13.30.49:830][  0]LogConfig: Setting CVar [[r.Shadow.DistanceScale:1.0]]
[2022.03.10-13.30.49:830][  0]LogConfig: Setting CVar [[r.Shadow.CSM.TransitionScale:1.0]]
[2022.03.10-13.30.49:830][  0]LogConfig: Setting CVar [[r.Shadow.PreShadowResolutionFactor:1.0]]
[2022.03.10-13.30.49:830][  0]LogConfig: Setting CVar [[r.DistanceFieldShadowing:1]]
[2022.03.10-13.30.49:830][  0]LogConfig: Setting CVar [[r.DistanceFieldAO:1]]
[2022.03.10-13.30.49:830][  0]LogConfig: Setting CVar [[r.AOQuality:2]]
[2022.03.10-13.30.49:830][  0]LogConfig: Setting CVar [[r.VolumetricFog:1]]
[2022.03.10-13.30.49:830][  0]LogConfig: Setting CVar [[r.VolumetricFog.GridPixelSize:8]]
[2022.03.10-13.30.49:830][  0]LogConfig: Setting CVar [[r.VolumetricFog.GridSizeZ:128]]
[2022.03.10-13.30.49:830][  0]LogConfig: Setting CVar [[r.VolumetricFog.HistoryMissSupersampleCount:4]]
[2022.03.10-13.30.49:830][  0]LogConfig: Setting CVar [[r.LightMaxDrawDistanceScale:1]]
[2022.03.10-13.30.49:830][  0]LogConfig: Setting CVar [[r.CapsuleShadows:1]]
[2022.03.10-13.30.49:830][  0]LogConfig: Applying CVar settings from Section [PostProcessQuality@3] File [C:/Users/seanr/OneDrive/Documents/GitHub/Ca1VR/Saved/Config/Windows/Scalability.ini]
[2022.03.10-13.30.49:830][  0]LogConfig: Setting CVar [[r.MotionBlurQuality:4]]
[2022.03.10-13.30.49:830][  0]LogConfig: Setting CVar [[r.AmbientOcclusionMipLevelFactor:0.4]]
[2022.03.10-13.30.49:830][  0]LogConfig: Setting CVar [[r.AmbientOcclusionMaxQuality:100]]
[2022.03.10-13.30.49:830][  0]LogConfig: Setting CVar [[r.AmbientOcclusionLevels:-1]]
[2022.03.10-13.30.49:830][  0]LogConfig: Setting CVar [[r.AmbientOcclusionRadiusScale:1.0]]
[2022.03.10-13.30.49:830][  0]LogConfig: Setting CVar [[r.DepthOfFieldQuality:2]]
[2022.03.10-13.30.49:830][  0]LogConfig: Setting CVar [[r.RenderTargetPoolMin:400]]
[2022.03.10-13.30.49:830][  0]LogConfig: Setting CVar [[r.LensFlareQuality:2]]
[2022.03.10-13.30.49:830][  0]LogConfig: Setting CVar [[r.SceneColorFringeQuality:1]]
[2022.03.10-13.30.49:830][  0]LogConfig: Setting CVar [[r.EyeAdaptationQuality:2]]
[2022.03.10-13.30.49:830][  0]LogConfig: Setting CVar [[r.BloomQuality:5]]
[2022.03.10-13.30.49:830][  0]LogConfig: Setting CVar [[r.FastBlurThreshold:100]]
[2022.03.10-13.30.49:830][  0]LogConfig: Setting CVar [[r.Upscale.Quality:3]]
[2022.03.10-13.30.49:830][  0]LogConfig: Setting CVar [[r.Tonemapper.GrainQuantization:1]]
[2022.03.10-13.30.49:830][  0]LogConfig: Setting CVar [[r.LightShaftQuality:1]]
[2022.03.10-13.30.49:830][  0]LogConfig: Setting CVar [[r.Filter.SizeScale:1]]
[2022.03.10-13.30.49:830][  0]LogConfig: Setting CVar [[r.Tonemapper.Quality:5]]
[2022.03.10-13.30.49:830][  0]LogConfig: Setting CVar [[r.DOF.Gather.AccumulatorQuality:1        ; higher gathering accumulator quality]]
[2022.03.10-13.30.49:830][  0]LogConfig: Setting CVar [[r.DOF.Gather.PostfilterMethod:1          ; Median3x3 postfilering method]]
[2022.03.10-13.30.49:830][  0]LogConfig: Setting CVar [[r.DOF.Gather.EnableBokehSettings:0       ; no bokeh simulation when gathering]]
[2022.03.10-13.30.49:830][  0]LogConfig: Setting CVar [[r.DOF.Gather.RingCount:4                 ; medium number of samples when gathering]]
[2022.03.10-13.30.49:830][  0]LogConfig: Setting CVar [[r.DOF.Scatter.ForegroundCompositing:1    ; additive foreground scattering]]
[2022.03.10-13.30.49:830][  0]LogConfig: Setting CVar [[r.DOF.Scatter.BackgroundCompositing:2    ; additive background scattering]]
[2022.03.10-13.30.49:830][  0]LogConfig: Setting CVar [[r.DOF.Scatter.EnableBokehSettings:1      ; bokeh simulation when scattering]]
[2022.03.10-13.30.49:830][  0]LogConfig: Setting CVar [[r.DOF.Scatter.MaxSpriteRatio:0.1         ; only a maximum of 10% of scattered bokeh]]
[2022.03.10-13.30.49:830][  0]LogConfig: Setting CVar [[r.DOF.Recombine.Quality:1                ; cheap slight out of focus]]
[2022.03.10-13.30.49:830][  0]LogConfig: Setting CVar [[r.DOF.Recombine.EnableBokehSettings:0    ; no bokeh simulation on slight out of focus]]
[2022.03.10-13.30.49:830][  0]LogConfig: Setting CVar [[r.DOF.TemporalAAQuality:1                ; more stable temporal accumulation]]
[2022.03.10-13.30.49:830][  0]LogConfig: Setting CVar [[r.DOF.Kernel.MaxForegroundRadius:0.025]]
[2022.03.10-13.30.49:830][  0]LogConfig: Setting CVar [[r.DOF.Kernel.MaxBackgroundRadius:0.025]]
[2022.03.10-13.30.49:830][  0]LogConfig: Applying CVar settings from Section [TextureQuality@3] File [C:/Users/seanr/OneDrive/Documents/GitHub/Ca1VR/Saved/Config/Windows/Scalability.ini]
[2022.03.10-13.30.49:830][  0]LogConfig: Setting CVar [[r.Streaming.MipBias:0]]
[2022.03.10-13.30.49:830][  0]LogConfig: Setting CVar [[r.Streaming.AmortizeCPUToGPUCopy:0]]
[2022.03.10-13.30.49:830][  0]LogConfig: Setting CVar [[r.Streaming.MaxNumTexturesToStreamPerFrame:0]]
[2022.03.10-13.30.49:830][  0]LogConfig: Setting CVar [[r.Streaming.Boost:1]]
[2022.03.10-13.30.49:830][  0]LogConfig: Setting CVar [[r.MaxAnisotropy:8]]
[2022.03.10-13.30.49:830][  0]LogConfig: Setting CVar [[r.VT.MaxAnisotropy:8]]
[2022.03.10-13.30.49:830][  0]LogConfig: Setting CVar [[r.Streaming.LimitPoolSizeToVRAM:0]]
[2022.03.10-13.30.49:830][  0]LogConfig: Setting CVar [[r.Streaming.PoolSize:1000]]
[2022.03.10-13.30.49:830][  0]LogConfig: Setting CVar [[r.Streaming.MaxEffectiveScreenSize:0]]
[2022.03.10-13.30.49:830][  0]LogConfig: Applying CVar settings from Section [EffectsQuality@3] File [C:/Users/seanr/OneDrive/Documents/GitHub/Ca1VR/Saved/Config/Windows/Scalability.ini]
[2022.03.10-13.30.49:830][  0]LogConfig: Setting CVar [[r.TranslucencyLightingVolumeDim:64]]
[2022.03.10-13.30.49:830][  0]LogConfig: Setting CVar [[r.RefractionQuality:2]]
[2022.03.10-13.30.49:830][  0]LogConfig: Setting CVar [[r.SSR.Quality:3]]
[2022.03.10-13.30.49:830][  0]LogConfig: Setting CVar [[r.SSR.HalfResSceneColor:0]]
[2022.03.10-13.30.49:830][  0]LogConfig: Setting CVar [[r.SceneColorFormat:4]]
[2022.03.10-13.30.49:830][  0]LogConfig: Setting CVar [[r.DetailMode:2]]
[2022.03.10-13.30.49:830][  0]LogConfig: Setting CVar [[r.TranslucencyVolumeBlur:1]]
[2022.03.10-13.30.49:830][  0]LogConfig: Setting CVar [[r.MaterialQualityLevel:1 ; High quality]]
[2022.03.10-13.30.49:830][  0]LogConfig: Setting CVar [[r.AnisotropicMaterials:1]]
[2022.03.10-13.30.49:830][  0]LogConfig: Setting CVar [[r.SSS.Scale:1]]
[2022.03.10-13.30.49:830][  0]LogConfig: Setting CVar [[r.SSS.SampleSet:2]]
[2022.03.10-13.30.49:830][  0]LogConfig: Setting CVar [[r.SSS.Quality:1]]
[2022.03.10-13.30.49:830][  0]LogConfig: Setting CVar [[r.SSS.HalfRes:0]]
[2022.03.10-13.30.49:830][  0]LogConfig: Setting CVar [[r.SSGI.Quality:3]]
[2022.03.10-13.30.49:830][  0]LogConfig: Setting CVar [[r.EmitterSpawnRateScale:1.0]]
[2022.03.10-13.30.49:830][  0]LogConfig: Setting CVar [[r.ParticleLightQuality:2]]
[2022.03.10-13.30.49:830][  0]LogConfig: Setting CVar [[r.SkyAtmosphere.AerialPerspectiveLUT.FastApplyOnOpaque:1 ; Always have FastSkyLUT 1 in this case to avoid wrong sky]]
[2022.03.10-13.30.49:830][  0]LogConfig: Setting CVar [[r.SkyAtmosphere.AerialPerspectiveLUT.SampleCountMaxPerSlice:4]]
[2022.03.10-13.30.49:830][  0]LogConfig: Setting CVar [[r.SkyAtmosphere.AerialPerspectiveLUT.DepthResolution:16.0]]
[2022.03.10-13.30.49:830][  0]LogConfig: Setting CVar [[r.SkyAtmosphere.FastSkyLUT:1]]
[2022.03.10-13.30.49:830][  0]LogConfig: Setting CVar [[r.SkyAtmosphere.FastSkyLUT.SampleCountMin:4.0]]
[2022.03.10-13.30.49:830][  0]LogConfig: Setting CVar [[r.SkyAtmosphere.FastSkyLUT.SampleCountMax:128.0]]
[2022.03.10-13.30.49:830][  0]LogConfig: Setting CVar [[r.SkyAtmosphere.SampleCountMin:4.0]]
[2022.03.10-13.30.49:830][  0]LogConfig: Setting CVar [[r.SkyAtmosphere.SampleCountMax:128.0]]
[2022.03.10-13.30.49:830][  0]LogConfig: Setting CVar [[r.SkyAtmosphere.TransmittanceLUT.UseSmallFormat:0]]
[2022.03.10-13.30.49:830][  0]LogConfig: Setting CVar [[r.SkyAtmosphere.TransmittanceLUT.SampleCount:10.0]]
[2022.03.10-13.30.49:830][  0]LogConfig: Setting CVar [[r.SkyAtmosphere.MultiScatteringLUT.SampleCount:15.0]]
[2022.03.10-13.30.49:830][  0]LogConfig: Setting CVar [[r.SkyLight.RealTimeReflectionCapture:1]]
[2022.03.10-13.30.49:830][  0]LogConfig: Applying CVar settings from Section [FoliageQuality@3] File [C:/Users/seanr/OneDrive/Documents/GitHub/Ca1VR/Saved/Config/Windows/Scalability.ini]
[2022.03.10-13.30.49:830][  0]LogConfig: Setting CVar [[foliage.DensityScale:1.0]]
[2022.03.10-13.30.49:830][  0]LogConfig: Setting CVar [[grass.DensityScale:1.0]]
[2022.03.10-13.30.49:830][  0]LogConfig: Applying CVar settings from Section [ShadingQuality@3] File [C:/Users/seanr/OneDrive/Documents/GitHub/Ca1VR/Saved/Config/Windows/Scalability.ini]
[2022.03.10-13.30.49:830][  0]LogConfig: Setting CVar [[r.HairStrands.SkyLighting.IntegrationType:2]]
[2022.03.10-13.30.49:830][  0]LogConfig: Setting CVar [[r.HairStrands.SkyAO.SampleCount:4]]
[2022.03.10-13.30.49:830][  0]LogConfig: Setting CVar [[r.HairStrands.Visibility.MSAA.SamplePerPixel:4]]
[2022.03.10-13.30.49:830][  0]LogInit: Selected Device Profile: [Windows]
[2022.03.10-13.30.49:830][  0]LogInit: Applying CVar settings loaded from the selected device profile: [Windows]
[2022.03.10-13.30.49:831][  0]LogHAL: Display: Platform has ~ 14 GB [14846324736 / 17179869184 / 14], which maps to Larger [LargestMinGB=32, LargerMinGB=12, DefaultMinGB=8, SmallerMinGB=6, SmallestMinGB=0)
[2022.03.10-13.30.49:831][  0]LogInit: Going up to parent DeviceProfile []
[2022.03.10-13.30.49:831][  0]LogConfig: Applying CVar settings from Section [ViewDistanceQuality@3] File [C:/Users/seanr/OneDrive/Documents/GitHub/Ca1VR/Saved/Config/Windows/Scalability.ini]
[2022.03.10-13.30.49:831][  0]LogConfig: Setting CVar [[r.SkeletalMeshLODBias:0]]
[2022.03.10-13.30.49:831][  0]LogConfig: Setting CVar [[r.ViewDistanceScale:1.0]]
[2022.03.10-13.30.49:831][  0]LogConfig: Applying CVar settings from Section [AntiAliasingQuality@3] File [C:/Users/seanr/OneDrive/Documents/GitHub/Ca1VR/Saved/Config/Windows/Scalability.ini]
[2022.03.10-13.30.49:831][  0]LogConfig: Setting CVar [[r.PostProcessAAQuality:4]]
[2022.03.10-13.30.49:831][  0]LogConfig: Applying CVar settings from Section [ShadowQuality@3] File [C:/Users/seanr/OneDrive/Documents/GitHub/Ca1VR/Saved/Config/Windows/Scalability.ini]
[2022.03.10-13.30.49:831][  0]LogConfig: Setting CVar [[r.LightFunctionQuality:1]]
[2022.03.10-13.30.49:831][  0]LogConfig: Setting CVar [[r.ShadowQuality:5]]
[2022.03.10-13.30.49:831][  0]LogConfig: Setting CVar [[r.Shadow.CSM.MaxCascades:10]]
[2022.03.10-13.30.49:831][  0]LogConfig: Setting CVar [[r.Shadow.MaxResolution:2048]]
[2022.03.10-13.30.49:831][  0]LogConfig: Setting CVar [[r.Shadow.MaxCSMResolution:2048]]
[2022.03.10-13.30.49:831][  0]LogConfig: Setting CVar [[r.Shadow.RadiusThreshold:0.01]]
[2022.03.10-13.30.49:831][  0]LogConfig: Setting CVar [[r.Shadow.DistanceScale:1.0]]
[2022.03.10-13.30.49:831][  0]LogConfig: Setting CVar [[r.Shadow.CSM.TransitionScale:1.0]]
[2022.03.10-13.30.49:831][  0]LogConfig: Setting CVar [[r.Shadow.PreShadowResolutionFactor:1.0]]
[2022.03.10-13.30.49:831][  0]LogConfig: Setting CVar [[r.DistanceFieldShadowing:1]]
[2022.03.10-13.30.49:831][  0]LogConfig: Setting CVar [[r.DistanceFieldAO:1]]
[2022.03.10-13.30.49:831][  0]LogConfig: Setting CVar [[r.AOQuality:2]]
[2022.03.10-13.30.49:831][  0]LogConfig: Setting CVar [[r.VolumetricFog:1]]
[2022.03.10-13.30.49:831][  0]LogConfig: Setting CVar [[r.VolumetricFog.GridPixelSize:8]]
[2022.03.10-13.30.49:831][  0]LogConfig: Setting CVar [[r.VolumetricFog.GridSizeZ:128]]
[2022.03.10-13.30.49:831][  0]LogConfig: Setting CVar [[r.VolumetricFog.HistoryMissSupersampleCount:4]]
[2022.03.10-13.30.49:831][  0]LogConfig: Setting CVar [[r.LightMaxDrawDistanceScale:1]]
[2022.03.10-13.30.49:831][  0]LogConfig: Setting CVar [[r.CapsuleShadows:1]]
[2022.03.10-13.30.49:831][  0]LogConfig: Applying CVar settings from Section [PostProcessQuality@3] File [C:/Users/seanr/OneDrive/Documents/GitHub/Ca1VR/Saved/Config/Windows/Scalability.ini]
[2022.03.10-13.30.49:831][  0]LogConfig: Setting CVar [[r.MotionBlurQuality:4]]
[2022.03.10-13.30.49:831][  0]LogConfig: Setting CVar [[r.AmbientOcclusionMipLevelFactor:0.4]]
[2022.03.10-13.30.49:831][  0]LogConfig: Setting CVar [[r.AmbientOcclusionMaxQuality:100]]
[2022.03.10-13.30.49:831][  0]LogConfig: Setting CVar [[r.AmbientOcclusionLevels:-1]]
[2022.03.10-13.30.49:831][  0]LogConfig: Setting CVar [[r.AmbientOcclusionRadiusScale:1.0]]
[2022.03.10-13.30.49:831][  0]LogConfig: Setting CVar [[r.DepthOfFieldQuality:2]]
[2022.03.10-13.30.49:831][  0]LogConfig: Setting CVar [[r.RenderTargetPoolMin:400]]
[2022.03.10-13.30.49:831][  0]LogConfig: Setting CVar [[r.LensFlareQuality:2]]
[2022.03.10-13.30.49:831][  0]LogConfig: Setting CVar [[r.SceneColorFringeQuality:1]]
[2022.03.10-13.30.49:831][  0]LogConfig: Setting CVar [[r.EyeAdaptationQuality:2]]
[2022.03.10-13.30.49:831][  0]LogConfig: Setting CVar [[r.BloomQuality:5]]
[2022.03.10-13.30.49:831][  0]LogConfig: Setting CVar [[r.FastBlurThreshold:100]]
[2022.03.10-13.30.49:831][  0]LogConfig: Setting CVar [[r.Upscale.Quality:3]]
[2022.03.10-13.30.49:831][  0]LogConfig: Setting CVar [[r.Tonemapper.GrainQuantization:1]]
[2022.03.10-13.30.49:831][  0]LogConfig: Setting CVar [[r.LightShaftQuality:1]]
[2022.03.10-13.30.49:831][  0]LogConfig: Setting CVar [[r.Filter.SizeScale:1]]
[2022.03.10-13.30.49:831][  0]LogConfig: Setting CVar [[r.Tonemapper.Quality:5]]
[2022.03.10-13.30.49:831][  0]LogConfig: Setting CVar [[r.DOF.Gather.AccumulatorQuality:1        ; higher gathering accumulator quality]]
[2022.03.10-13.30.49:831][  0]LogConfig: Setting CVar [[r.DOF.Gather.PostfilterMethod:1          ; Median3x3 postfilering method]]
[2022.03.10-13.30.49:831][  0]LogConfig: Setting CVar [[r.DOF.Gather.EnableBokehSettings:0       ; no bokeh simulation when gathering]]
[2022.03.10-13.30.49:831][  0]LogConfig: Setting CVar [[r.DOF.Gather.RingCount:4                 ; medium number of samples when gathering]]
[2022.03.10-13.30.49:831][  0]LogConfig: Setting CVar [[r.DOF.Scatter.ForegroundCompositing:1    ; additive foreground scattering]]
[2022.03.10-13.30.49:831][  0]LogConfig: Setting CVar [[r.DOF.Scatter.BackgroundCompositing:2    ; additive background scattering]]
[2022.03.10-13.30.49:831][  0]LogConfig: Setting CVar [[r.DOF.Scatter.EnableBokehSettings:1      ; bokeh simulation when scattering]]
[2022.03.10-13.30.49:831][  0]LogConfig: Setting CVar [[r.DOF.Scatter.MaxSpriteRatio:0.1         ; only a maximum of 10% of scattered bokeh]]
[2022.03.10-13.30.49:831][  0]LogConfig: Setting CVar [[r.DOF.Recombine.Quality:1                ; cheap slight out of focus]]
[2022.03.10-13.30.49:831][  0]LogConfig: Setting CVar [[r.DOF.Recombine.EnableBokehSettings:0    ; no bokeh simulation on slight out of focus]]
[2022.03.10-13.30.49:831][  0]LogConfig: Setting CVar [[r.DOF.TemporalAAQuality:1                ; more stable temporal accumulation]]
[2022.03.10-13.30.49:831][  0]LogConfig: Setting CVar [[r.DOF.Kernel.MaxForegroundRadius:0.025]]
[2022.03.10-13.30.49:831][  0]LogConfig: Setting CVar [[r.DOF.Kernel.MaxBackgroundRadius:0.025]]
[2022.03.10-13.30.49:831][  0]LogConfig: Applying CVar settings from Section [TextureQuality@3] File [C:/Users/seanr/OneDrive/Documents/GitHub/Ca1VR/Saved/Config/Windows/Scalability.ini]
[2022.03.10-13.30.49:831][  0]LogConfig: Setting CVar [[r.Streaming.MipBias:0]]
[2022.03.10-13.30.49:831][  0]LogConfig: Setting CVar [[r.Streaming.AmortizeCPUToGPUCopy:0]]
[2022.03.10-13.30.49:831][  0]LogConfig: Setting CVar [[r.Streaming.MaxNumTexturesToStreamPerFrame:0]]
[2022.03.10-13.30.49:831][  0]LogConfig: Setting CVar [[r.Streaming.Boost:1]]
[2022.03.10-13.30.49:831][  0]LogConfig: Setting CVar [[r.MaxAnisotropy:8]]
[2022.03.10-13.30.49:831][  0]LogConfig: Setting CVar [[r.VT.MaxAnisotropy:8]]
[2022.03.10-13.30.49:831][  0]LogConfig: Setting CVar [[r.Streaming.LimitPoolSizeToVRAM:0]]
[2022.03.10-13.30.49:831][  0]LogConfig: Setting CVar [[r.Streaming.PoolSize:1000]]
[2022.03.10-13.30.49:831][  0]LogConfig: Setting CVar [[r.Streaming.MaxEffectiveScreenSize:0]]
[2022.03.10-13.30.49:831][  0]LogConfig: Applying CVar settings from Section [EffectsQuality@3] File [C:/Users/seanr/OneDrive/Documents/GitHub/Ca1VR/Saved/Config/Windows/Scalability.ini]
[2022.03.10-13.30.49:831][  0]LogConfig: Setting CVar [[r.TranslucencyLightingVolumeDim:64]]
[2022.03.10-13.30.49:831][  0]LogConfig: Setting CVar [[r.RefractionQuality:2]]
[2022.03.10-13.30.49:831][  0]LogConfig: Setting CVar [[r.SSR.Quality:3]]
[2022.03.10-13.30.49:831][  0]LogConfig: Setting CVar [[r.SSR.HalfResSceneColor:0]]
[2022.03.10-13.30.49:831][  0]LogConfig: Setting CVar [[r.SceneColorFormat:4]]
[2022.03.10-13.30.49:831][  0]LogConfig: Setting CVar [[r.DetailMode:2]]
[2022.03.10-13.30.49:831][  0]LogConfig: Setting CVar [[r.TranslucencyVolumeBlur:1]]
[2022.03.10-13.30.49:831][  0]LogConfig: Setting CVar [[r.MaterialQualityLevel:1 ; High quality]]
[2022.03.10-13.30.49:831][  0]LogConfig: Setting CVar [[r.AnisotropicMaterials:1]]
[2022.03.10-13.30.49:831][  0]LogConfig: Setting CVar [[r.SSS.Scale:1]]
[2022.03.10-13.30.49:831][  0]LogConfig: Setting CVar [[r.SSS.SampleSet:2]]
[2022.03.10-13.30.49:831][  0]LogConfig: Setting CVar [[r.SSS.Quality:1]]
[2022.03.10-13.30.49:831][  0]LogConfig: Setting CVar [[r.SSS.HalfRes:0]]
[2022.03.10-13.30.49:831][  0]LogConfig: Setting CVar [[r.SSGI.Quality:3]]
[2022.03.10-13.30.49:831][  0]LogConfig: Setting CVar [[r.EmitterSpawnRateScale:1.0]]
[2022.03.10-13.30.49:831][  0]LogConfig: Setting CVar [[r.ParticleLightQuality:2]]
[2022.03.10-13.30.49:831][  0]LogConfig: Setting CVar [[r.SkyAtmosphere.AerialPerspectiveLUT.FastApplyOnOpaque:1 ; Always have FastSkyLUT 1 in this case to avoid wrong sky]]
[2022.03.10-13.30.49:831][  0]LogConfig: Setting CVar [[r.SkyAtmosphere.AerialPerspectiveLUT.SampleCountMaxPerSlice:4]]
[2022.03.10-13.30.49:831][  0]LogConfig: Setting CVar [[r.SkyAtmosphere.AerialPerspectiveLUT.DepthResolution:16.0]]
[2022.03.10-13.30.49:831][  0]LogConfig: Setting CVar [[r.SkyAtmosphere.FastSkyLUT:1]]
[2022.03.10-13.30.49:831][  0]LogConfig: Setting CVar [[r.SkyAtmosphere.FastSkyLUT.SampleCountMin:4.0]]
[2022.03.10-13.30.49:831][  0]LogConfig: Setting CVar [[r.SkyAtmosphere.FastSkyLUT.SampleCountMax:128.0]]
[2022.03.10-13.30.49:831][  0]LogConfig: Setting CVar [[r.SkyAtmosphere.SampleCountMin:4.0]]
[2022.03.10-13.30.49:831][  0]LogConfig: Setting CVar [[r.SkyAtmosphere.SampleCountMax:128.0]]
[2022.03.10-13.30.49:831][  0]LogConfig: Setting CVar [[r.SkyAtmosphere.TransmittanceLUT.UseSmallFormat:0]]
[2022.03.10-13.30.49:831][  0]LogConfig: Setting CVar [[r.SkyAtmosphere.TransmittanceLUT.SampleCount:10.0]]
[2022.03.10-13.30.49:831][  0]LogConfig: Setting CVar [[r.SkyAtmosphere.MultiScatteringLUT.SampleCount:15.0]]
[2022.03.10-13.30.49:831][  0]LogConfig: Setting CVar [[r.SkyLight.RealTimeReflectionCapture:1]]
[2022.03.10-13.30.49:831][  0]LogConfig: Applying CVar settings from Section [FoliageQuality@3] File [C:/Users/seanr/OneDrive/Documents/GitHub/Ca1VR/Saved/Config/Windows/Scalability.ini]
[2022.03.10-13.30.49:831][  0]LogConfig: Setting CVar [[foliage.DensityScale:1.0]]
[2022.03.10-13.30.49:831][  0]LogConfig: Setting CVar [[grass.DensityScale:1.0]]
[2022.03.10-13.30.49:831][  0]LogConfig: Applying CVar settings from Section [ShadingQuality@3] File [C:/Users/seanr/OneDrive/Documents/GitHub/Ca1VR/Saved/Config/Windows/Scalability.ini]
[2022.03.10-13.30.49:831][  0]LogConfig: Setting CVar [[r.HairStrands.SkyLighting.IntegrationType:2]]
[2022.03.10-13.30.49:831][  0]LogConfig: Setting CVar [[r.HairStrands.SkyAO.SampleCount:4]]
[2022.03.10-13.30.49:831][  0]LogConfig: Setting CVar [[r.HairStrands.Visibility.MSAA.SamplePerPixel:4]]
[2022.03.10-13.30.49:831][  0]LogConfig: Applying CVar settings from Section [Startup] File [../../../Engine/Config/ConsoleVariables.ini]
[2022.03.10-13.30.49:831][  0]LogConfig: Setting CVar [[net.UseAdaptiveNetUpdateFrequency:0]]
[2022.03.10-13.30.49:831][  0]LogConfig: Setting CVar [[p.chaos.AllowCreatePhysxBodies:1]]
[2022.03.10-13.30.49:831][  0]LogConfig: Setting CVar [[fx.SkipVectorVMBackendOptimizations:1]]
[2022.03.10-13.30.49:831][  0]LogConfig: Applying CVar settings from Section [ConsoleVariables] File [C:/Users/seanr/OneDrive/Documents/GitHub/Ca1VR/Saved/Config/Windows/Engine.ini]
[2022.03.10-13.30.49:831][  0]LogConfig: Applying CVar settings from Section [ConsoleVariables] File [C:/Users/seanr/OneDrive/Documents/GitHub/Ca1VR/Saved/Config/Windows/Editor.ini]
[2022.03.10-13.30.49:831][  0]LogInit: Computer: LAPTOP-HTND65AP
[2022.03.10-13.30.49:831][  0]LogInit: User: seanr
[2022.03.10-13.30.49:831][  0]LogInit: CPU Page size=4096, Cores=8
[2022.03.10-13.30.49:831][  0]LogInit: High frequency timer resolution =10.000000 MHz
[2022.03.10-13.30.49:832][  0]LogMemory: Memory total: Physical=13.8GB (14GB approx)
[2022.03.10-13.30.49:832][  0]LogMemory: Platform Memory Stats for Windows
[2022.03.10-13.30.49:832][  0]LogMemory: Process Physical Memory: 147.88 MB used, 147.88 MB peak
[2022.03.10-13.30.49:832][  0]LogMemory: Process Virtual Memory: 131.07 MB used, 131.07 MB peak
[2022.03.10-13.30.49:832][  0]LogMemory: Physical Memory: 8477.83 MB used,  5680.73 MB free, 14158.56 MB total
[2022.03.10-13.30.49:832][  0]LogMemory: Virtual Memory: 134213656.00 MB used,  4075.63 MB free, 134217728.00 MB total
[2022.03.10-13.30.49:840][  0]LogWindows: WindowsPlatformFeatures enabled
[2022.03.10-13.30.49:873][  0]LogInit: Physics initialised using underlying interface: PhysX
[2022.03.10-13.30.49:874][  0]LogInit: Using OS detected language (en-US).
[2022.03.10-13.30.49:874][  0]LogInit: Using OS detected locale (en-IE).
[2022.03.10-13.30.49:881][  0]LogTextLocalizationManager: No specific localization for 'en-US' exists, so the 'en' localization will be used.
[2022.03.10-13.30.50:100][  0]LogInit: Setting process to per monitor DPI aware
[2022.03.10-13.30.50:115][  0]LogWindowsTextInputMethodSystem: Display: IME system deactivated.
[2022.03.10-13.30.50:127][  0]LogSlate: New Slate User Created.  User Index 0, Is Virtual User: 0
[2022.03.10-13.30.50:127][  0]LogSlate: Slate User Registered.  User Index 0, Is Virtual User: 0
[2022.03.10-13.30.50:243][  0]LogD3D11RHI: Loaded GFSDK_Aftermath_Lib.x64.dll
[2022.03.10-13.30.50:247][  0]LogHMD: Failed to initialize OpenVR with code 110
[2022.03.10-13.30.50:247][  0]LogD3D11RHI: D3D11 min allowed feature level: 11_0
[2022.03.10-13.30.50:247][  0]LogD3D11RHI: D3D11 max allowed feature level: 11_0
[2022.03.10-13.30.50:247][  0]LogD3D11RHI: D3D11 adapters:
[2022.03.10-13.30.50:291][  0]LogD3D11RHI:    0. 'AMD Radeon(TM) Graphics' (Feature Level 11_0)
[2022.03.10-13.30.50:291][  0]LogD3D11RHI:       2031/0/7079 MB DedicatedVideo/DedicatedSystem/SharedSystem, Outputs:1, VendorId:0x1002
[2022.03.10-13.30.50:293][  0]LogD3D11RHI:    1. 'Microsoft Basic Render Driver' (Feature Level 11_0)
[2022.03.10-13.30.50:293][  0]LogD3D11RHI:       0/0/7079 MB DedicatedVideo/DedicatedSystem/SharedSystem, Outputs:0, VendorId:0x1414
[2022.03.10-13.30.50:293][  0]LogD3D11RHI: Chosen D3D11 Adapter:
[2022.03.10-13.30.50:293][  0]LogD3D11RHI:     Description : AMD Radeon(TM) Graphics
[2022.03.10-13.30.50:293][  0]LogD3D11RHI:     VendorId    : 1002
[2022.03.10-13.30.50:293][  0]LogD3D11RHI:     DeviceId    : 164c
[2022.03.10-13.30.50:293][  0]LogD3D11RHI:     SubSysId    : 381a17aa
[2022.03.10-13.30.50:293][  0]LogD3D11RHI:     Revision    : 00c1
[2022.03.10-13.30.50:293][  0]LogD3D11RHI:     DedicatedVideoMemory : 2130673664 bytes
[2022.03.10-13.30.50:293][  0]LogD3D11RHI:     DedicatedSystemMemory : 0 bytes
[2022.03.10-13.30.50:293][  0]LogD3D11RHI:     SharedSystemMemory : 7423162368 bytes
[2022.03.10-13.30.50:293][  0]LogD3D11RHI:     AdapterLuid : 0 56940
[2022.03.10-13.30.50:306][  0]LogD3D11RHI: Creating new Direct3DDevice
[2022.03.10-13.30.50:307][  0]LogD3D11RHI:     GPU DeviceId: 0x164c (for the marketing name, search the web for "GPU Device Id")
[2022.03.10-13.30.50:307][  0]LogWindows: EnumDisplayDevices:
[2022.03.10-13.30.50:307][  0]LogWindows:    0. 'AMD Radeon(TM) Graphics' (P:1 D:1)
[2022.03.10-13.30.50:307][  0]LogWindows:    1. 'AMD Radeon(TM) Graphics' (P:0 D:0)
[2022.03.10-13.30.50:307][  0]LogWindows:    2. 'AMD Radeon(TM) Graphics' (P:0 D:0)
[2022.03.10-13.30.50:307][  0]LogWindows:    3. 'AMD Radeon(TM) Graphics' (P:0 D:0)
[2022.03.10-13.30.50:307][  0]LogWindows:    4. 'AMD Radeon(TM) Graphics' (P:0 D:0)
[2022.03.10-13.30.50:307][  0]LogWindows: DebugString: FoundDriverCount:5 
[2022.03.10-13.30.50:307][  0]LogD3D11RHI:     Adapter Name: AMD Radeon(TM) Graphics
[2022.03.10-13.30.50:307][  0]LogD3D11RHI:   Driver Version: Adrenalin 21.30.14 (internal:30.0.13014.8, unified:30.0.13014.8)
[2022.03.10-13.30.50:307][  0]LogD3D11RHI:      Driver Date: 8-26-2021
[2022.03.10-13.30.50:307][  0]LogRHI: Texture pool is 5879 MB (70% of 8399 MB)
[2022.03.10-13.30.50:320][  0]LogD3D11RHI: Creating D3DDevice with AMD AGS, using adapter:
[2022.03.10-13.30.50:320][  0]LogD3D11RHI:     Description : AMD Radeon(TM) Graphics
[2022.03.10-13.30.50:320][  0]LogD3D11RHI:     VendorId    : 1002
[2022.03.10-13.30.50:320][  0]LogD3D11RHI:     DeviceId    : 164c
[2022.03.10-13.30.50:320][  0]LogD3D11RHI:     SubSysId    : 381a17aa
[2022.03.10-13.30.50:320][  0]LogD3D11RHI:     Revision    : 00c1
[2022.03.10-13.30.50:320][  0]LogD3D11RHI:     DedicatedVideoMemory : 2130673664 bytes
[2022.03.10-13.30.50:320][  0]LogD3D11RHI:     DedicatedSystemMemory : 0 bytes
[2022.03.10-13.30.50:320][  0]LogD3D11RHI:     SharedSystemMemory : 7423162368 bytes
[2022.03.10-13.30.50:320][  0]LogD3D11RHI:     AdapterLuid : 0 56940
[2022.03.10-13.30.50:360][  0]LogD3D11RHI: Created device via AGS, feature level 11_0, supported extensions 1fffffbf.
[2022.03.10-13.30.50:360][  0]LogD3D11RHI: RHI has support for 64 bit atomics
[2022.03.10-13.30.50:360][  0]LogD3D11RHI: Async texture creation enabled
[2022.03.10-13.30.50:360][  0]LogD3D11RHI: Array index from any shader is supported
[2022.03.10-13.30.50:372][  0]LogD3D11RHI: GPU Timing Frequency: 100.000000 (Debug: 2 1)
[2022.03.10-13.30.50:639][  0]LogTargetPlatformManager: Display: Loaded TargetPlatform 'AllDesktop'
[2022.03.10-13.30.50:662][  0]LogTargetPlatformManager: Display: Loaded TargetPlatform 'Android'
[2022.03.10-13.30.50:662][  0]LogTargetPlatformManager: Display: Loaded TargetPlatform 'Android_ASTC'
[2022.03.10-13.30.50:663][  0]LogTargetPlatformManager: Display: Loaded TargetPlatform 'Android_DXT'
[2022.03.10-13.30.50:663][  0]LogTargetPlatformManager: Display: Loaded TargetPlatform 'Android_ETC2'
[2022.03.10-13.30.50:663][  0]LogTargetPlatformManager: Display: Loaded TargetPlatform 'AndroidClient'
[2022.03.10-13.30.50:663][  0]LogTargetPlatformManager: Display: Loaded TargetPlatform 'Android_ASTCClient'
[2022.03.10-13.30.50:663][  0]LogTargetPlatformManager: Display: Loaded TargetPlatform 'Android_DXTClient'
[2022.03.10-13.30.50:663][  0]LogTargetPlatformManager: Display: Loaded TargetPlatform 'Android_ETC2Client'
[2022.03.10-13.30.50:663][  0]LogTargetPlatformManager: Display: Loaded TargetPlatform 'Android_Multi'
[2022.03.10-13.30.50:663][  0]LogTargetPlatformManager: Display: Loaded TargetPlatform 'Android_MultiClient'
[2022.03.10-13.30.50:683][  0]LogTargetPlatformManager: Display: Loaded TargetPlatform 'IOSClient'
[2022.03.10-13.30.50:683][  0]LogTargetPlatformManager: Display: Loaded TargetPlatform 'IOS'
[2022.03.10-13.30.50:693][  0]LogTargetPlatformManager: Display: Loaded TargetPlatform 'Linux'
[2022.03.10-13.30.50:699][  0]LogTargetPlatformManager: Display: Loaded TargetPlatform 'LinuxNoEditor'
[2022.03.10-13.30.50:705][  0]LogTargetPlatformManager: Display: Loaded TargetPlatform 'LinuxClient'
[2022.03.10-13.30.50:709][  0]LogTargetPlatformManager: Display: Loaded TargetPlatform 'LinuxServer'
[2022.03.10-13.30.50:719][  0]LogTargetPlatformManager: Display: Loaded TargetPlatform 'LinuxAArch64NoEditor'
[2022.03.10-13.30.50:724][  0]LogTargetPlatformManager: Display: Loaded TargetPlatform 'LinuxAArch64Client'
[2022.03.10-13.30.50:729][  0]LogTargetPlatformManager: Display: Loaded TargetPlatform 'LinuxAArch64Server'
[2022.03.10-13.30.50:753][  0]LogTargetPlatformManager: Display: Loaded TargetPlatform 'Lumin'
[2022.03.10-13.30.50:753][  0]LogTargetPlatformManager: Display: Loaded TargetPlatform 'LuminClient'
[2022.03.10-13.30.50:763][  0]LogTargetPlatformManager: Display: Loaded TargetPlatform 'MacNoEditor'
[2022.03.10-13.30.50:768][  0]LogTargetPlatformManager: Display: Loaded TargetPlatform 'Mac'
[2022.03.10-13.30.50:773][  0]LogTargetPlatformManager: Display: Loaded TargetPlatform 'MacClient'
[2022.03.10-13.30.50:779][  0]LogTargetPlatformManager: Display: Loaded TargetPlatform 'MacServer'
[2022.03.10-13.30.50:791][  0]LogTargetPlatformManager: Display: Loaded TargetPlatform 'TVOSClient'
[2022.03.10-13.30.50:791][  0]LogTargetPlatformManager: Display: Loaded TargetPlatform 'TVOS'
[2022.03.10-13.30.50:805][  0]LogTargetPlatformManager: Display: Loaded TargetPlatform 'WindowsNoEditor'
[2022.03.10-13.30.50:813][  0]LogTargetPlatformManager: Display: Loaded TargetPlatform 'Windows'
[2022.03.10-13.30.50:819][  0]LogTargetPlatformManager: Display: Loaded TargetPlatform 'WindowsClient'
[2022.03.10-13.30.50:825][  0]LogTargetPlatformManager: Display: Loaded TargetPlatform 'WindowsServer'
[2022.03.10-13.30.50:825][  0]LogTargetPlatformManager: Display: Building Assets For Windows
[2022.03.10-13.30.50:836][  0]LogAudioDebug: Display: Lib vorbis DLL was dynamically loaded.
[2022.03.10-13.30.50:881][  0]LogTextureFormatOodle: Display: Oodle Texture 2.9.0 init RDO Off
[2022.03.10-13.30.50:920][  0]LogRendererCore: Ray tracing is disabled. Reason: r.RayTracing=0.
[2022.03.10-13.30.50:920][  0]LogShaderCompilers: Guid format shader working directory is -16 characters bigger than the processId version (../../../../../../Users/seanr/OneDrive/Documents/GitHub/Ca1VR/Intermediate/Shaders/WorkingDirectory/51116/).
[2022.03.10-13.30.50:920][  0]LogShaderCompilers: Cleaned the shader compiler working directory 'C:/Users/seanr/AppData/Local/Temp/UnrealShaderWorkingDir/5BEA39F44C0EE6A17415B89A3D791712/'.
[2022.03.10-13.30.50:921][  0]LogXGEController: Cannot use XGE Controller as Incredibuild is not installed on this machine.
[2022.03.10-13.30.50:921][  0]LogShaderCompilers: Cannot use XGE Shader Compiler as Incredibuild is not installed on this machine.
[2022.03.10-13.30.50:921][  0]LogShaderCompilers: Display: Using Local Shader Compiler.
[2022.03.10-13.30.51:557][  0]LogDerivedDataCache: Display: Max Cache Size: 512 MB
[2022.03.10-13.30.51:625][  0]LogDerivedDataCache: Loaded boot cache 0.07s 141MB C:/Users/seanr/AppData/Local/UnrealEngine/4.27/DerivedDataCache/Boot.ddc.
[2022.03.10-13.30.51:625][  0]LogDerivedDataCache: Display: Loaded Boot cache: C:/Users/seanr/AppData/Local/UnrealEngine/4.27/DerivedDataCache/Boot.ddc
[2022.03.10-13.30.51:625][  0]LogDerivedDataCache: FDerivedDataBackendGraph:  Pak pak cache file ../../../../../../Users/seanr/OneDrive/Documents/GitHub/Ca1VR/DerivedDataCache/DDC.ddp not found, will not use a pak cache.
[2022.03.10-13.30.51:625][  0]LogDerivedDataCache: Unable to find inner node Pak for hierarchical cache Hierarchy.
[2022.03.10-13.30.51:625][  0]LogDerivedDataCache: FDerivedDataBackendGraph:  CompressedPak pak cache file ../../../../../../Users/seanr/OneDrive/Documents/GitHub/Ca1VR/DerivedDataCache/Compressed.ddp not found, will not use a pak cache.
[2022.03.10-13.30.51:625][  0]LogDerivedDataCache: Unable to find inner node CompressedPak for hierarchical cache Hierarchy.
[2022.03.10-13.30.51:642][  0]LogDerivedDataCache: Display: Pak cache opened for reading ../../../Engine/DerivedDataCache/Compressed.ddp.
[2022.03.10-13.30.51:642][  0]LogDerivedDataCache: FDerivedDataBackendGraph:  EnterprisePak pak cache file ../../../Enterprise/DerivedDataCache/Compressed.ddp not found, will not use a pak cache.
[2022.03.10-13.30.51:642][  0]LogDerivedDataCache: Unable to find inner node EnterprisePak for hierarchical cache Hierarchy.
[2022.03.10-13.30.51:653][  0]LogDerivedDataCache: Speed tests for C:/Users/seanr/AppData/Local/UnrealEngine/Common/DerivedDataCache took 0.01 seconds
[2022.03.10-13.30.51:653][  0]LogDerivedDataCache: Display: Performance to C:/Users/seanr/AppData/Local/UnrealEngine/Common/DerivedDataCache: Latency=0.03ms. RandomReadSpeed=1374.26MBs, RandomWriteSpeed=93.10MBs. Assigned SpeedClass 'Local'
[2022.03.10-13.30.51:655][  0]LogDerivedDataCache: Using Local data cache path C:/Users/seanr/AppData/Local/UnrealEngine/Common/DerivedDataCache: Writable
[2022.03.10-13.30.51:655][  0]LogDerivedDataCache: Shared data cache path not found in *engine.ini, will not use an Shared cache.
[2022.03.10-13.30.51:655][  0]LogDerivedDataCache: Unable to find inner node Shared for hierarchical cache Hierarchy.
[2022.03.10-13.30.51:696][  0]LogSlate: Using FreeType 2.10.0
[2022.03.10-13.30.51:697][  0]LogSlate: SlateFontServices - WITH_FREETYPE: 1, WITH_HARFBUZZ: 1
[2022.03.10-13.30.51:719][  0]LogAssetRegistry: FAssetRegistry took 0.0032 seconds to start up
[2022.03.10-13.30.52:000][  0]LogInit: Selected Device Profile: [Windows]
[2022.03.10-13.30.52:000][  0]LogInit: Active device profile: [00000215010DAB00][0000021500A3D5C0 49] Windows
[2022.03.10-13.30.52:000][  0]LogInit: Profiles: [00000215010DAB00][0000021500A3D5C0 49] Windows, [000002150108AF00][000002157F46D740 49] WindowsNoEditor, [00000215010DB600][000002157F4758C0 49] WindowsServer, [0000021501088B00][000002157F479A40 49] WindowsClient, [00000215010D8B00][000002157F481BC0 49] IOS, [000002150108B600][000002157F4841C0 49] iPadAir, [00000215010DA800][000002157F488340 49] iPadAir2, [000002150200E500][000002157F470600 49] IPadPro, [000002150200E600][000002157F48C640 49] iPadAir3, [00000215010D8600][000002157F47C7C0 49] iPadAir4, [000002150200EE00][000002157F49C940 49] iPadMini2, [00000215010DA700][000002157F578AC0 49] iPadMini3, [000002150200F100][0000021574F16C00 49] iPadMini4, [00000215010D9400][000002157F57CD40 49] iPadMini5, [000002150105DE00][000002157F4A8F80 49] iPhone6, [000002150105DF00][000002157F580FC0 49] iPodTouch6, [000002150200ED00][0000021574F91280 49] iPhone7, [000002150200DB00][0000021500BFB2C0 49] iPodTouch7, [000002150105C100][0000021574F95440 49] iPhone5S, [000002150200E300][000002157F5855C0 49] iPhone6Plus, [000002150105E800][000002157F589740 49] iPhone6S, [000002150200CD00][000002157F58D8C0 49] iPhone6SPlus, [000002150105CE00][000002157F591A40 49] iPhone7Plus, [000002150200D500][000002157F595BC0 49] iPhoneSE, [000002150105D000][000002157F5981C0 49] iPhone8, [000002150200D400][000002157F59C340 49] iPhone8Plus, [000002150105CD00][000002157E0584C0 49] iPhoneX, [000002150200F400][000002157E05C640 49] iPhoneXS, [000002150105DD00][000002157E0607C0 49] iPhoneXSMax, [000002150200CE00][000002157E064940 49] iPhoneXR, [000002150105DC00][000002157E068AC0 49] iPhone11, [000002150200F000][000002157E06CC40 49] iPhone11Pro, [000002150105E200][000002157E020D80 49] iPhone11ProMax, [000002150200DF00][000002157E070EC0 49] iPhoneSE2, [000002150105C700][000002157E075000 49] iPhone12Mini, [000002150200C200][000002157DFF9140 49] iPhone12, [000002150105C500][000002157E0012C0 49] iPhone12Pro, [000002150200C300][000002157E005440 49] iPhone12ProMax, [000002150105E000][000002157E0095C0 49] iPadPro105, [000002150200CF00][000002157E00D740 49] iPadPro129, [000002150105E900][000002157E0118C0 49] iPadPro97, [000002150200D800][000002157E015A40 49] iPadPro2_129, [000002150105C900][000002157E019BC0 49] iPad5, [000002150200F200][000002157E01C1C0 49] iPad6, [000002150105D900][0000021500FE4340 49] iPad7, [000002150200FD00][0000021500FE84C0 49] iPad8, [000002150105E100][0000021500FEC640 49] iPadPro11, [000002150200D300][0000021500FF07C0 49] iPadPro2_11, [000002150108B100][0000021500FF4940 49] iPadPro3_129, [0000021501135100][0000021500FF8AC0 49] iPadPro4_129, [000002150108AB00][0000021500FFCC40 49] AppleTV, [0000021501134900][0000021501000DC0 49] AppleTV4K, [0000021501088A00][0000021501004F40 49] TVOS, [0000021501135700][000002157DFFD080 49] Mac, [0000021501088E00][00000215010091C0 49] MacClient, [0000021501135000][000002150100D300 49] MacNoEditor, [0000021501088F00][0000021574ECD480 49] MacServer, [0000021501134500][0000021574ED1600 49] Linux, [0000021501088700][0000021574ED5780 49] LinuxAArch64, [0000021501135C00][0000021574ED9900 49] LinuxNoEditor, [000002150108BF00][0000021574EDDA80 49] LinuxAArch64NoEditor, [0000021501135E00][0000021574EE1C00 49] LinuxClient, [000002150108A900][0000021574EE4200 49] LinuxAArch64Client, [0000021501135500][0000021574EE8380 49] LinuxServer, [000002150200E800][0000021574EEC500 49] LinuxAArch64Server, [000002150105D100][0000021574EF0680 49] Android, [000002150200FA00][0000021574EF4800 49] Android_Low, [000002150105D700][0000021574EF8980 49] Android_Mid, [000002150200D900][0000021574EFCB00 49] Android_High, [000002150105CF00][0000021574F00C80 49] Android_Default, [000002150200DA00][000002157CC18E00 49] Android_Adreno4xx, [000002150105EA00][000002157CC1CF80 49] Android_Adreno5xx_Low, [000002150200D100][000002157CC21100 49] Android_Adreno5xx, [000002150105F800][0000021574EC9240 49] Android_Adreno6xx, [000002150200F600][000002157CC25380 49] Android_Adreno6xx_Vulkan, [000002150105C300][000002157CC294C0 49] Android_Mali_T6xx, [000002150200EA00][000002157CC31640 49] Android_Mali_T7xx, [0000021501135A00][000002157CC357C0 49] Android_Mali_T8xx, [000002150200F700][000002157CC39940 49] Android_Mali_G71, [0000021501134300][000002157CC3DAC0 49] Android_Mali_G72, [000002150200FF00][000002157CC400C0 49] Android_Mali_G72_Vulkan, [0000021501135900][000002157CC44240 49] Android_Mali_G76, [000002150200C400][000002157CC483C0 49] Android_Mali_G76_Vulkan, [0000021501135300][000002157CC4C540 49] Android_Mali_G77, [000002150200C600][000002157CC506C0 49] Android_Mali_G77_Vulkan, [000002150105E500][000002157CC54840 49] Android_Mali_G78, [000002150200EF00][000002157CC589C0 49] Android_Mali_G78_Vulkan, [000002150105F000][000002157CC5CB40 49] Android_Mali_G710, [000002150200E400][000002157CC60CC0 49] Android_Mali_G710_Vulkan, [000002150105C200][000002157CC64E40 49] Android_Vulkan_SM5, [000002150200D200][000002157CC68FC0 49] Android_PowerVR_G6xxx, [000002150105F200][000002157CC6D140 49] Android_PowerVR_GT7xxx, [000002150200DE00][000002157CC712C0 49] Android_PowerVR_GE8xxx, [000002150105EC00][000002157CC2D400 49] Android_PowerVR_GM9xxx, [000002150200F300][000002157CC75540 49] Android_PowerVR_GM9xxx_Vulkan, [000002150105EE00][000002157CC79680 49] Android_TegraK1, [000002150200C100][000002157CC7D7C0 49] Android_Unknown_Vulkan, [000002150105C600][0000021502021940 49] Lumin, [000002150200D600][0000021502025AC0 49] Lumin_Desktop, [000002150105F700][00000215020280C0 49] HoloLens, 
[2022.03.10-13.30.52:130][  0]LogMeshReduction: Using QuadricMeshReduction for automatic static mesh reduction
[2022.03.10-13.30.52:130][  0]LogMeshReduction: Using SimplygonMeshReduction for automatic skeletal mesh reduction
[2022.03.10-13.30.52:130][  0]LogMeshReduction: Using ProxyLODMeshReduction for automatic mesh merging
[2022.03.10-13.30.52:130][  0]LogMeshReduction: No distributed automatic mesh merging module available
[2022.03.10-13.30.52:130][  0]LogMeshMerging: No distributed automatic mesh merging module available
[2022.03.10-13.30.52:146][  0]LogNetVersion: Ca1VR 1.0.0, NetCL: 17155196, EngineNetVer: 17, GameNetVer: 0 (Checksum: 2175019299)
[2022.03.10-13.30.52:502][  0]LogTexture: Default maximum texture size for cubemaps generated from long-lat sources has been changed from 512 to unlimited. In order to preserve old behaiour for '/Engine/MapTemplates/Sky/DaylightAmbientCubemap.DaylightAmbientCubemap', its maximum texture size has been explicitly set to 512.
[2022.03.10-13.30.52:551][  0]LogUObjectArray: 17114 objects as part of root set at end of initial load.
[2022.03.10-13.30.52:552][  0]LogUObjectAllocator: 4283408 out of 0 bytes used by permanent object pool.
[2022.03.10-13.30.52:552][  0]LogUObjectArray: CloseDisregardForGC: 0/0 objects in disregard for GC pool
[2022.03.10-13.30.52:855][  0]LogNiagaraDebuggerClient: Niagara Debugger Client Initialized | Session: F69DD2654420309B25600B992010F1F9 | Instance: F52F3F384DBFED400C631383894F8B23 (LAPTOP-HTND65AP-51116).
[2022.03.10-13.30.52:892][  0]LogPython: Using Python 3.7.7
[2022.03.10-13.30.53:448][  0]LogTcpMessaging: Initializing TcpMessaging bridge
[2022.03.10-13.30.53:455][  0]LogUdpMessaging: Initializing bridge on interface 0.0.0.0:0 to multicast group 230.0.0.1:6666.
[2022.03.10-13.30.53:680][  0]SourceControl: Source control is disabled
[2022.03.10-13.30.53:680][  0]SourceControl: Source control is disabled
[2022.03.10-13.30.53:698][  0]SourceControl: Source control is disabled
[2022.03.10-13.30.53:704][  0]SourceControl: Source control is disabled
[2022.03.10-13.30.53:724][  0]SourceControl: Source control is disabled
[2022.03.10-13.30.53:728][  0]LogUProjectInfo: Found projects:
[2022.03.10-13.30.53:738][  0]LogVSAccessor: Display: Unable to create Visual Studio setup instance: 80040154
[2022.03.10-13.30.53:739][  0]LogVSAccessor: Display: Unable to create Visual Studio setup instance: 80040154
[2022.03.10-13.30.53:740][  0]LogVSAccessor: Display: Unable to create Visual Studio setup instance: 80040154
[2022.03.10-13.30.53:938][  0]LogOpenImageDenoise: OIDN starting up
[2022.03.10-13.30.54:001][  0]LogAndroidPermission: UAndroidPermissionCallbackProxy::GetInstance
[2022.03.10-13.30.54:023][  0]LogAudioCaptureCore: Display: No Audio Capture implementations found. Audio input will be silent.
[2022.03.10-13.30.54:023][  0]LogAudioCaptureCore: Display: No Audio Capture implementations found. Audio input will be silent.
[2022.03.10-13.30.54:164][  0]LogCollectionManager: Loaded 0 collections in 0.001489 seconds
[2022.03.10-13.30.54:234][  0]LogFileCache: Scanning file cache for directory 'C:/Users/seanr/OneDrive/Documents/GitHub/Ca1VR/Saved/Collections/' took 0.00s
[2022.03.10-13.30.54:234][  0]LogFileCache: Scanning file cache for directory 'C:/Users/seanr/OneDrive/Documents/GitHub/Ca1VR/Content/Developers/seanr/Collections/' took 0.00s
[2022.03.10-13.30.54:234][  0]LogFileCache: Scanning file cache for directory 'C:/Users/seanr/OneDrive/Documents/GitHub/Ca1VR/Content/Collections/' took 0.00s
[2022.03.10-13.30.54:234][  0]LogEngine: Initializing Engine...
[2022.03.10-13.30.54:238][  0]LogHMD: Failed to enumerate extensions. Please check that you have a valid OpenXR runtime installed.
[2022.03.10-13.30.54:238][  0]LogHMD: Failed to initialize OpenVR with code 110
[2022.03.10-13.30.54:238][  0]LogMagicLeap: Warning: VR disabled because ZI is not enabled.  To enable, in the editor, Edit -> Project Settings -> Plugins -> Magic Leap Plugin -> Enable Zero Iteration
[2022.03.10-13.30.54:239][  0]LogStats: UGameplayTagsManager::InitializeManager -  0.000 s
[2022.03.10-13.30.54:350][  0]LogInit: Initializing FReadOnlyCVARCache
[2022.03.10-13.30.54:363][  0]LogAIModule: Creating AISystem for world Untitled
[2022.03.10-13.30.54:363][  0]LogAudio: Display: Initializing Audio Device Manager...
[2022.03.10-13.30.54:367][  0]LogAudio: Display: Loading Default Audio Settings Objects...
[2022.03.10-13.30.54:368][  0]LogAudio: Display: No default SoundConcurrencyObject specified (or failed to load).
[2022.03.10-13.30.54:368][  0]LogAudio: Display: Audio Device Manager Initialized
[2022.03.10-13.30.54:368][  0]LogAudio: Display: Creating Audio Device:                 Id: 1, Scope: Shared, Realtime: True
[2022.03.10-13.30.54:368][  0]LogAudioMixer: Display: Audio Mixer Platform Settings:
[2022.03.10-13.30.54:368][  0]LogAudioMixer: Display: 	Sample Rate:						  48000
[2022.03.10-13.30.54:368][  0]LogAudioMixer: Display: 	Callback Buffer Frame Size Requested: 1024
[2022.03.10-13.30.54:368][  0]LogAudioMixer: Display: 	Callback Buffer Frame Size To Use:	  1024
[2022.03.10-13.30.54:368][  0]LogAudioMixer: Display: 	Number of buffers to queue:			  1
[2022.03.10-13.30.54:368][  0]LogAudioMixer: Display: 	Max Channels (voices):				  0
[2022.03.10-13.30.54:368][  0]LogAudioMixer: Display: 	Number of Async Source Workers:		  4
[2022.03.10-13.30.54:368][  0]LogAudio: Display: AudioDevice MaxSources: 32
[2022.03.10-13.30.54:369][  0]LogAudio: Display: Audio Spatialization Plugin: Resonance Audio is external send: 1
[2022.03.10-13.30.54:369][  0]LogAudio: Display: Audio Reverb Plugin: Resonance Audio
[2022.03.10-13.30.54:369][  0]LogAudio: Display: Audio Occlusion Plugin: None (built-in).
[2022.03.10-13.30.54:369][  0]LogAudioMixer: Display: Initializing audio mixer.
[2022.03.10-13.30.54:379][  0]LogAudioMixer: Display: 0: FrontLeft
[2022.03.10-13.30.54:380][  0]LogAudioMixer: Display: 1: FrontRight
[2022.03.10-13.30.54:390][  0]LogAudioMixer: Display: Using Audio Device Headphones (Oculus Virtual Audio Device)
[2022.03.10-13.30.54:392][  0]LogAudioMixer: Display: Initializing Sound Submixes...
[2022.03.10-13.30.54:393][  0]LogAudioMixer: Display: Creating Master Submix 'MasterSubmixDefault'
[2022.03.10-13.30.54:393][  0]LogAudioMixer: Display: Creating Master Submix 'MasterReverbSubmixDefault'
[2022.03.10-13.30.54:394][  0]LogAudioMixer: Display: Creating Master Submix 'MasterEQSubmixDefault'
[2022.03.10-13.30.54:395][  0]LogAudioMixer: FMixerPlatformXAudio2::StartAudioStream() called
[2022.03.10-13.30.54:395][  0]LogAudioMixer: Display: Output buffers initialized: Frames=1024, Channels=2, Samples=2048
[2022.03.10-13.30.54:397][  0]LogAudioMixer: Display: Starting AudioMixerPlatformInterface::RunInternal()
[2022.03.10-13.30.54:397][  0]LogAudioMixer: Display: FMixerPlatformXAudio2::SubmitBuffer() called for the first time
[2022.03.10-13.30.54:397][  0]LogInit: FAudioDevice initialized.
[2022.03.10-13.30.54:398][  0]LogAudio: Display: Audio Device (ID: 1) registered with world 'Untitled'.
[2022.03.10-13.30.54:398][  0]LogNetVersion: Set ProjectVersion to 1.0.0.0. Version Checksum will be recalculated on next use.
[2022.03.10-13.30.54:472][  0]LogDerivedDataCache: Saved boot cache 0.07s 119MB C:/Users/seanr/AppData/Local/UnrealEngine/4.27/DerivedDataCache/Boot.ddc.
[2022.03.10-13.30.54:476][  0]LogInit: Texture streaming: Enabled
[2022.03.10-13.30.54:492][  0]LogAnalytics: Display: [UEEditor.Rocket.Release] APIServer = https://datarouter.ol.epicgames.com/. AppVersion = 4.27.2-18319896+++UE4+Release-4.27
[2022.03.10-13.30.54:497][  0]LogEngineSessionManager: EngineSessionManager initialized
[2022.03.10-13.30.54:497][  0]LogEditorSessionSummary: Verbose: Initializing EditorSessionSummaryWriter for editor session tracking
[2022.03.10-13.30.54:500][  0]LogEditorSessionSummary: EditorSessionSummaryWriter initialized
[2022.03.10-13.30.54:539][  0]LogInit: Transaction tracking system initialized
[2022.03.10-13.30.54:566][  0]BlueprintLog: New page: Editor Load
[2022.03.10-13.30.54:632][  0]LocalizationService: Localization service is disabled
[2022.03.10-13.30.54:660][  0]TimingProfiler: Initialize
[2022.03.10-13.30.54:660][  0]TimingProfiler: OnSessionChanged
[2022.03.10-13.30.54:660][  0]LoadingProfiler: Initialize
[2022.03.10-13.30.54:660][  0]LoadingProfiler: OnSessionChanged
[2022.03.10-13.30.54:660][  0]NetworkingProfiler: Initialize
[2022.03.10-13.30.54:660][  0]NetworkingProfiler: OnSessionChanged
[2022.03.10-13.30.54:660][  0]MemoryProfiler: Initialize
[2022.03.10-13.30.54:660][  0]MemoryProfiler: OnSessionChanged
[2022.03.10-13.30.54:733][  0]LogVSAccessor: Display: Unable to create Visual Studio setup instance: 80040154
[2022.03.10-13.30.54:733][  0]LogVSAccessor: Display: Unable to create Visual Studio setup instance: 80040154
[2022.03.10-13.30.54:734][  0]LogVSAccessor: Display: Unable to create Visual Studio setup instance: 80040154
[2022.03.10-13.30.54:827][  0]LogCook: Display: CookSettings for Memory: MemoryMaxUsedVirtual 0MiB, MemoryMaxUsedPhysical 16384MiB, MemoryMinFreeVirtual 0MiB, MemoryMinFreePhysical 1024MiB
[2022.03.10-13.30.54:827][  0]LogCook: Display: Mobile HDR setting 0
[2022.03.10-13.30.55:035][  0]LogFileCache: Scanning file cache for directory 'C:/Users/seanr/OneDrive/Documents/GitHub/Ca1VR/Content/' took 0.01s
[2022.03.10-13.30.55:212][  0]LogInit: Display: Engine is initialized. Leaving FEngineLoop::Init()
[2022.03.10-13.30.55:216][  0]SourceControl: Source control is disabled
[2022.03.10-13.30.55:217][  0]LogUnrealEdMisc: Loading editor; pre map load, took 6.646
[2022.03.10-13.30.55:217][  0]Cmd: MAP LOAD FILE="../../../../../../Users/seanr/OneDrive/Documents/GitHub/Ca1VR/Content/VRTemplate/Maps/VRTemplateMap.umap" TEMPLATE=0 SHOWPROGRESS=1 FEATURELEVEL=3
[2022.03.10-13.30.55:217][  0]LightingResults: New page: Lighting Build
[2022.03.10-13.30.55:219][  0]LogWorld: UWorld::CleanupWorld for Untitled, bSessionEnded=true, bCleanupResources=true
[2022.03.10-13.30.55:219][  0]LogSlate: InvalidateAllWidgets triggered.  All widgets were invalidated
[2022.03.10-13.30.55:219][  0]MapCheck: New page: Map Check
[2022.03.10-13.30.55:219][  0]LightingResults: New page: Lighting Build
[2022.03.10-13.30.55:223][  0]LogAudio: Display: Audio Device unregistered from world 'None'.
[2022.03.10-13.30.55:227][  0]LogUObjectHash: Compacting FUObjectHashTables data took   0.82ms
[2022.03.10-13.30.56:220][  0]LogAudio: Display: Audio Device (ID: 1) registered with world 'VRTemplateMap'.
[2022.03.10-13.30.56:222][  0]LogAIModule: Creating AISystem for world VRTemplateMap
[2022.03.10-13.30.56:532][  0]LogEditorServer: Finished looking for orphan Actors (0.000 secs)
[2022.03.10-13.30.57:031][  0]LogUObjectHash: Compacting FUObjectHashTables data took   1.57ms
[2022.03.10-13.30.57:032][  0]Cmd: MAP CHECKDEP NOCLEARLOG
[2022.03.10-13.30.57:032][  0]MapCheck: Map check complete: 0 Error(s), 0 Warning(s), took 0.238ms to complete.
[2022.03.10-13.30.57:032][  0]LogFileHelpers: Loading map 'VRTemplateMap' took 1.816
[2022.03.10-13.30.57:035][  0]LogUnrealEdMisc: Total Editor Startup Time, took 8.464
[2022.03.10-13.30.57:159][  0]LogSlate: Updating window title bar state: overlay mode, drag disabled, window buttons hidden, title bar hidden
[2022.03.10-13.30.57:166][  0]LogSlate: Updating window title bar state: overlay mode, drag disabled, window buttons hidden, title bar hidden
[2022.03.10-13.30.57:173][  0]LogSlate: Updating window title bar state: overlay mode, drag disabled, window buttons hidden, title bar hidden
[2022.03.10-13.30.57:180][  0]LogSlate: Updating window title bar state: overlay mode, drag disabled, window buttons hidden, title bar hidden
[2022.03.10-13.30.57:197][  0]LogNativeClassHierarchy: Verbose: Native class hierarchy populated in 0.0106 seconds. Added 3817 classes and 923 folders.
[2022.03.10-13.30.57:199][  0]LogNativeClassHierarchy: Verbose: Native class hierarchy updated for 'WidgetCarousel' in 0.0003 seconds. Added 0 classes and 0 folders.
[2022.03.10-13.30.57:200][  0]LogPakFile: PakFile PrimaryIndexSize=187
[2022.03.10-13.30.57:200][  0]LogPakFile: PakFile PathHashIndexSize=101
[2022.03.10-13.30.57:200][  0]LogPakFile: PakFile FullDirectoryIndexSize=148
[2022.03.10-13.30.57:200][  0]LogShaderLibrary: Display: ShaderCodeLibraryPakFileMountedCallback: PakFile 'C:/Program Files/Epic Games/UE_4.27/FeaturePacks/FP_FirstPerson.upack' (chunk index -1, root 'root:/') mounted
[2022.03.10-13.30.57:200][  0]LogShaderLibrary: Display: ShaderCodeLibraryPakFileMountedCallback: pending pak file info (ChunkID:-1 Root:root:/ File:C:/Program Files/Epic Games/UE_4.27/FeaturePacks/FP_FirstPerson.upack)
[2022.03.10-13.30.57:200][  0]LogPakFile: OnPakFileMounted2Time == 0.000046
[2022.03.10-13.30.57:201][  0]LogPakFile: PakFile PrimaryIndexSize=189
[2022.03.10-13.30.57:201][  0]LogPakFile: PakFile PathHashIndexSize=101
[2022.03.10-13.30.57:201][  0]LogPakFile: PakFile FullDirectoryIndexSize=152
[2022.03.10-13.30.57:201][  0]LogShaderLibrary: Display: ShaderCodeLibraryPakFileMountedCallback: PakFile 'C:/Program Files/Epic Games/UE_4.27/FeaturePacks/FP_FirstPersonBP.upack' (chunk index -1, root 'root:/') mounted
[2022.03.10-13.30.57:201][  0]LogShaderLibrary: Display: ShaderCodeLibraryPakFileMountedCallback: pending pak file info (ChunkID:-1 Root:root:/ File:C:/Program Files/Epic Games/UE_4.27/FeaturePacks/FP_FirstPersonBP.upack)
[2022.03.10-13.30.57:201][  0]LogPakFile: OnPakFileMounted2Time == 0.000027
[2022.03.10-13.30.57:201][  0]LogPakFile: PakFile PrimaryIndexSize=191
[2022.03.10-13.30.57:201][  0]LogPakFile: PakFile PathHashIndexSize=101
[2022.03.10-13.30.57:201][  0]LogPakFile: PakFile FullDirectoryIndexSize=160
[2022.03.10-13.30.57:201][  0]LogShaderLibrary: Display: ShaderCodeLibraryPakFileMountedCallback: PakFile 'C:/Program Files/Epic Games/UE_4.27/FeaturePacks/MobileStarterContent.upack' (chunk index -1, root 'root:/') mounted
[2022.03.10-13.30.57:201][  0]LogShaderLibrary: Display: ShaderCodeLibraryPakFileMountedCallback: pending pak file info (ChunkID:-1 Root:root:/ File:C:/Program Files/Epic Games/UE_4.27/FeaturePacks/MobileStarterContent.upack)
[2022.03.10-13.30.57:201][  0]LogPakFile: OnPakFileMounted2Time == 0.000027
[2022.03.10-13.30.57:202][  0]LogPakFile: PakFile PrimaryIndexSize=185
[2022.03.10-13.30.57:202][  0]LogPakFile: PakFile PathHashIndexSize=101
[2022.03.10-13.30.57:202][  0]LogPakFile: PakFile FullDirectoryIndexSize=148
[2022.03.10-13.30.57:202][  0]LogShaderLibrary: Display: ShaderCodeLibraryPakFileMountedCallback: PakFile 'C:/Program Files/Epic Games/UE_4.27/FeaturePacks/StarterContent.upack' (chunk index -1, root 'root:/') mounted
[2022.03.10-13.30.57:202][  0]LogShaderLibrary: Display: ShaderCodeLibraryPakFileMountedCallback: pending pak file info (ChunkID:-1 Root:root:/ File:C:/Program Files/Epic Games/UE_4.27/FeaturePacks/StarterContent.upack)
[2022.03.10-13.30.57:202][  0]LogPakFile: OnPakFileMounted2Time == 0.000028
[2022.03.10-13.30.57:202][  0]LogPakFile: PakFile PrimaryIndexSize=190
[2022.03.10-13.30.57:202][  0]LogPakFile: PakFile PathHashIndexSize=101
[2022.03.10-13.30.57:202][  0]LogPakFile: PakFile FullDirectoryIndexSize=154
[2022.03.10-13.30.57:203][  0]LogShaderLibrary: Display: ShaderCodeLibraryPakFileMountedCallback: PakFile 'C:/Program Files/Epic Games/UE_4.27/FeaturePacks/TP_2DSideScroller.upack' (chunk index -1, root 'root:/') mounted
[2022.03.10-13.30.57:203][  0]LogShaderLibrary: Display: ShaderCodeLibraryPakFileMountedCallback: pending pak file info (ChunkID:-1 Root:root:/ File:C:/Program Files/Epic Games/UE_4.27/FeaturePacks/TP_2DSideScroller.upack)
[2022.03.10-13.30.57:203][  0]LogPakFile: OnPakFileMounted2Time == 0.000027
[2022.03.10-13.30.57:203][  0]LogPakFile: PakFile PrimaryIndexSize=192
[2022.03.10-13.30.57:203][  0]LogPakFile: PakFile PathHashIndexSize=101
[2022.03.10-13.30.57:203][  0]LogPakFile: PakFile FullDirectoryIndexSize=158
[2022.03.10-13.30.57:203][  0]LogShaderLibrary: Display: ShaderCodeLibraryPakFileMountedCallback: PakFile 'C:/Program Files/Epic Games/UE_4.27/FeaturePacks/TP_2DSideScrollerBP.upack' (chunk index -1, root 'root:/') mounted
[2022.03.10-13.30.57:203][  0]LogShaderLibrary: Display: ShaderCodeLibraryPakFileMountedCallback: pending pak file info (ChunkID:-1 Root:root:/ File:C:/Program Files/Epic Games/UE_4.27/FeaturePacks/TP_2DSideScrollerBP.upack)
[2022.03.10-13.30.57:203][  0]LogPakFile: OnPakFileMounted2Time == 0.000026
[2022.03.10-13.30.57:203][  0]LogPakFile: PakFile PrimaryIndexSize=182
[2022.03.10-13.30.57:203][  0]LogPakFile: PakFile PathHashIndexSize=101
[2022.03.10-13.30.57:203][  0]LogPakFile: PakFile FullDirectoryIndexSize=138
[2022.03.10-13.30.57:203][  0]LogShaderLibrary: Display: ShaderCodeLibraryPakFileMountedCallback: PakFile 'C:/Program Files/Epic Games/UE_4.27/FeaturePacks/TP_Flying.upack' (chunk index -1, root 'root:/') mounted
[2022.03.10-13.30.57:203][  0]LogShaderLibrary: Display: ShaderCodeLibraryPakFileMountedCallback: pending pak file info (ChunkID:-1 Root:root:/ File:C:/Program Files/Epic Games/UE_4.27/FeaturePacks/TP_Flying.upack)
[2022.03.10-13.30.57:203][  0]LogPakFile: OnPakFileMounted2Time == 0.000025
[2022.03.10-13.30.57:204][  0]LogPakFile: PakFile PrimaryIndexSize=184
[2022.03.10-13.30.57:204][  0]LogPakFile: PakFile PathHashIndexSize=101
[2022.03.10-13.30.57:204][  0]LogPakFile: PakFile FullDirectoryIndexSize=142
[2022.03.10-13.30.57:204][  0]LogShaderLibrary: Display: ShaderCodeLibraryPakFileMountedCallback: PakFile 'C:/Program Files/Epic Games/UE_4.27/FeaturePacks/TP_FlyingBP.upack' (chunk index -1, root 'root:/') mounted
[2022.03.10-13.30.57:204][  0]LogShaderLibrary: Display: ShaderCodeLibraryPakFileMountedCallback: pending pak file info (ChunkID:-1 Root:root:/ File:C:/Program Files/Epic Games/UE_4.27/FeaturePacks/TP_FlyingBP.upack)
[2022.03.10-13.30.57:204][  0]LogPakFile: OnPakFileMounted2Time == 0.000025
[2022.03.10-13.30.57:204][  0]LogPakFile: PakFile PrimaryIndexSize=188
[2022.03.10-13.30.57:204][  0]LogPakFile: PakFile PathHashIndexSize=101
[2022.03.10-13.30.57:204][  0]LogPakFile: PakFile FullDirectoryIndexSize=150
[2022.03.10-13.30.57:204][  0]LogShaderLibrary: Display: ShaderCodeLibraryPakFileMountedCallback: PakFile 'C:/Program Files/Epic Games/UE_4.27/FeaturePacks/TP_HandheldARBP.upack' (chunk index -1, root 'root:/') mounted
[2022.03.10-13.30.57:204][  0]LogShaderLibrary: Display: ShaderCodeLibraryPakFileMountedCallback: pending pak file info (ChunkID:-1 Root:root:/ File:C:/Program Files/Epic Games/UE_4.27/FeaturePacks/TP_HandheldARBP.upack)
[2022.03.10-13.30.57:204][  0]LogPakFile: OnPakFileMounted2Time == 0.000025
[2022.03.10-13.30.57:205][  0]LogPakFile: PakFile PrimaryIndexSize=182
[2022.03.10-13.30.57:205][  0]LogPakFile: PakFile PathHashIndexSize=101
[2022.03.10-13.30.57:205][  0]LogPakFile: PakFile FullDirectoryIndexSize=138
[2022.03.10-13.30.57:205][  0]LogShaderLibrary: Display: ShaderCodeLibraryPakFileMountedCallback: PakFile 'C:/Program Files/Epic Games/UE_4.27/FeaturePacks/TP_Puzzle.upack' (chunk index -1, root 'root:/') mounted
[2022.03.10-13.30.57:205][  0]LogShaderLibrary: Display: ShaderCodeLibraryPakFileMountedCallback: pending pak file info (ChunkID:-1 Root:root:/ File:C:/Program Files/Epic Games/UE_4.27/FeaturePacks/TP_Puzzle.upack)
[2022.03.10-13.30.57:205][  0]LogPakFile: OnPakFileMounted2Time == 0.000033
[2022.03.10-13.30.57:206][  0]LogPakFile: PakFile PrimaryIndexSize=184
[2022.03.10-13.30.57:206][  0]LogPakFile: PakFile PathHashIndexSize=101
[2022.03.10-13.30.57:206][  0]LogPakFile: PakFile FullDirectoryIndexSize=142
[2022.03.10-13.30.57:206][  0]LogShaderLibrary: Display: ShaderCodeLibraryPakFileMountedCallback: PakFile 'C:/Program Files/Epic Games/UE_4.27/FeaturePacks/TP_PuzzleBP.upack' (chunk index -1, root 'root:/') mounted
[2022.03.10-13.30.57:206][  0]LogShaderLibrary: Display: ShaderCodeLibraryPakFileMountedCallback: pending pak file info (ChunkID:-1 Root:root:/ File:C:/Program Files/Epic Games/UE_4.27/FeaturePacks/TP_PuzzleBP.upack)
[2022.03.10-13.30.57:206][  0]LogPakFile: OnPakFileMounted2Time == 0.000026
[2022.03.10-13.30.57:206][  0]LogPakFile: PakFile PrimaryIndexSize=183
[2022.03.10-13.30.57:206][  0]LogPakFile: PakFile PathHashIndexSize=101
[2022.03.10-13.30.57:206][  0]LogPakFile: PakFile FullDirectoryIndexSize=140
[2022.03.10-13.30.57:206][  0]LogShaderLibrary: Display: ShaderCodeLibraryPakFileMountedCallback: PakFile 'C:/Program Files/Epic Games/UE_4.27/FeaturePacks/TP_Rolling.upack' (chunk index -1, root 'root:/') mounted
[2022.03.10-13.30.57:206][  0]LogShaderLibrary: Display: ShaderCodeLibraryPakFileMountedCallback: pending pak file info (ChunkID:-1 Root:root:/ File:C:/Program Files/Epic Games/UE_4.27/FeaturePacks/TP_Rolling.upack)
[2022.03.10-13.30.57:206][  0]LogPakFile: OnPakFileMounted2Time == 0.000025
[2022.03.10-13.30.57:207][  0]LogPakFile: PakFile PrimaryIndexSize=185
[2022.03.10-13.30.57:207][  0]LogPakFile: PakFile PathHashIndexSize=101
[2022.03.10-13.30.57:207][  0]LogPakFile: PakFile FullDirectoryIndexSize=144
[2022.03.10-13.30.57:207][  0]LogShaderLibrary: Display: ShaderCodeLibraryPakFileMountedCallback: PakFile 'C:/Program Files/Epic Games/UE_4.27/FeaturePacks/TP_RollingBP.upack' (chunk index -1, root 'root:/') mounted
[2022.03.10-13.30.57:207][  0]LogShaderLibrary: Display: ShaderCodeLibraryPakFileMountedCallback: pending pak file info (ChunkID:-1 Root:root:/ File:C:/Program Files/Epic Games/UE_4.27/FeaturePacks/TP_RollingBP.upack)
[2022.03.10-13.30.57:207][  0]LogPakFile: OnPakFileMounted2Time == 0.000025
[2022.03.10-13.30.57:207][  0]LogPakFile: PakFile PrimaryIndexSize=188
[2022.03.10-13.30.57:207][  0]LogPakFile: PakFile PathHashIndexSize=101
[2022.03.10-13.30.57:207][  0]LogPakFile: PakFile FullDirectoryIndexSize=150
[2022.03.10-13.30.57:207][  0]LogShaderLibrary: Display: ShaderCodeLibraryPakFileMountedCallback: PakFile 'C:/Program Files/Epic Games/UE_4.27/FeaturePacks/TP_SideScroller.upack' (chunk index -1, root 'root:/') mounted
[2022.03.10-13.30.57:207][  0]LogShaderLibrary: Display: ShaderCodeLibraryPakFileMountedCallback: pending pak file info (ChunkID:-1 Root:root:/ File:C:/Program Files/Epic Games/UE_4.27/FeaturePacks/TP_SideScroller.upack)
[2022.03.10-13.30.57:207][  0]LogPakFile: OnPakFileMounted2Time == 0.000025
[2022.03.10-13.30.57:208][  0]LogPakFile: PakFile PrimaryIndexSize=190
[2022.03.10-13.30.57:208][  0]LogPakFile: PakFile PathHashIndexSize=101
[2022.03.10-13.30.57:208][  0]LogPakFile: PakFile FullDirectoryIndexSize=154
[2022.03.10-13.30.57:208][  0]LogShaderLibrary: Display: ShaderCodeLibraryPakFileMountedCallback: PakFile 'C:/Program Files/Epic Games/UE_4.27/FeaturePacks/TP_SideScrollerBP.upack' (chunk index -1, root 'root:/') mounted
[2022.03.10-13.30.57:208][  0]LogShaderLibrary: Display: ShaderCodeLibraryPakFileMountedCallback: pending pak file info (ChunkID:-1 Root:root:/ File:C:/Program Files/Epic Games/UE_4.27/FeaturePacks/TP_SideScrollerBP.upack)
[2022.03.10-13.30.57:208][  0]LogPakFile: OnPakFileMounted2Time == 0.000026
[2022.03.10-13.30.57:208][  0]LogPakFile: PakFile PrimaryIndexSize=187
[2022.03.10-13.30.57:208][  0]LogPakFile: PakFile PathHashIndexSize=101
[2022.03.10-13.30.57:208][  0]LogPakFile: PakFile FullDirectoryIndexSize=148
[2022.03.10-13.30.57:208][  0]LogShaderLibrary: Display: ShaderCodeLibraryPakFileMountedCallback: PakFile 'C:/Program Files/Epic Games/UE_4.27/FeaturePacks/TP_ThirdPerson.upack' (chunk index -1, root 'root:/') mounted
[2022.03.10-13.30.57:208][  0]LogShaderLibrary: Display: ShaderCodeLibraryPakFileMountedCallback: pending pak file info (ChunkID:-1 Root:root:/ File:C:/Program Files/Epic Games/UE_4.27/FeaturePacks/TP_ThirdPerson.upack)
[2022.03.10-13.30.57:208][  0]LogPakFile: OnPakFileMounted2Time == 0.000025
[2022.03.10-13.30.57:209][  0]LogPakFile: PakFile PrimaryIndexSize=189
[2022.03.10-13.30.57:209][  0]LogPakFile: PakFile PathHashIndexSize=101
[2022.03.10-13.30.57:209][  0]LogPakFile: PakFile FullDirectoryIndexSize=152
[2022.03.10-13.30.57:209][  0]LogShaderLibrary: Display: ShaderCodeLibraryPakFileMountedCallback: PakFile 'C:/Program Files/Epic Games/UE_4.27/FeaturePacks/TP_ThirdPersonBP.upack' (chunk index -1, root 'root:/') mounted
[2022.03.10-13.30.57:209][  0]LogShaderLibrary: Display: ShaderCodeLibraryPakFileMountedCallback: pending pak file info (ChunkID:-1 Root:root:/ File:C:/Program Files/Epic Games/UE_4.27/FeaturePacks/TP_ThirdPersonBP.upack)
[2022.03.10-13.30.57:209][  0]LogPakFile: OnPakFileMounted2Time == 0.000025
[2022.03.10-13.30.57:209][  0]LogPakFile: PakFile PrimaryIndexSize=183
[2022.03.10-13.30.57:209][  0]LogPakFile: PakFile PathHashIndexSize=101
[2022.03.10-13.30.57:209][  0]LogPakFile: PakFile FullDirectoryIndexSize=140
[2022.03.10-13.30.57:209][  0]LogShaderLibrary: Display: ShaderCodeLibraryPakFileMountedCallback: PakFile 'C:/Program Files/Epic Games/UE_4.27/FeaturePacks/TP_TopDown.upack' (chunk index -1, root 'root:/') mounted
[2022.03.10-13.30.57:209][  0]LogShaderLibrary: Display: ShaderCodeLibraryPakFileMountedCallback: pending pak file info (ChunkID:-1 Root:root:/ File:C:/Program Files/Epic Games/UE_4.27/FeaturePacks/TP_TopDown.upack)
[2022.03.10-13.30.57:209][  0]LogPakFile: OnPakFileMounted2Time == 0.000032
[2022.03.10-13.30.57:210][  0]LogPakFile: PakFile PrimaryIndexSize=185
[2022.03.10-13.30.57:210][  0]LogPakFile: PakFile PathHashIndexSize=101
[2022.03.10-13.30.57:210][  0]LogPakFile: PakFile FullDirectoryIndexSize=144
[2022.03.10-13.30.57:210][  0]LogShaderLibrary: Display: ShaderCodeLibraryPakFileMountedCallback: PakFile 'C:/Program Files/Epic Games/UE_4.27/FeaturePacks/TP_TopDownBP.upack' (chunk index -1, root 'root:/') mounted
[2022.03.10-13.30.57:210][  0]LogShaderLibrary: Display: ShaderCodeLibraryPakFileMountedCallback: pending pak file info (ChunkID:-1 Root:root:/ File:C:/Program Files/Epic Games/UE_4.27/FeaturePacks/TP_TopDownBP.upack)
[2022.03.10-13.30.57:210][  0]LogPakFile: OnPakFileMounted2Time == 0.000025
[2022.03.10-13.30.57:210][  0]LogPakFile: PakFile PrimaryIndexSize=185
[2022.03.10-13.30.57:210][  0]LogPakFile: PakFile PathHashIndexSize=101
[2022.03.10-13.30.57:210][  0]LogPakFile: PakFile FullDirectoryIndexSize=144
[2022.03.10-13.30.57:210][  0]LogShaderLibrary: Display: ShaderCodeLibraryPakFileMountedCallback: PakFile 'C:/Program Files/Epic Games/UE_4.27/FeaturePacks/TP_TwinStick.upack' (chunk index -1, root 'root:/') mounted
[2022.03.10-13.30.57:210][  0]LogShaderLibrary: Display: ShaderCodeLibraryPakFileMountedCallback: pending pak file info (ChunkID:-1 Root:root:/ File:C:/Program Files/Epic Games/UE_4.27/FeaturePacks/TP_TwinStick.upack)
[2022.03.10-13.30.57:210][  0]LogPakFile: OnPakFileMounted2Time == 0.000025
[2022.03.10-13.30.57:211][  0]LogPakFile: PakFile PrimaryIndexSize=187
[2022.03.10-13.30.57:211][  0]LogPakFile: PakFile PathHashIndexSize=101
[2022.03.10-13.30.57:211][  0]LogPakFile: PakFile FullDirectoryIndexSize=148
[2022.03.10-13.30.57:211][  0]LogShaderLibrary: Display: ShaderCodeLibraryPakFileMountedCallback: PakFile 'C:/Program Files/Epic Games/UE_4.27/FeaturePacks/TP_TwinStickBP.upack' (chunk index -1, root 'root:/') mounted
[2022.03.10-13.30.57:211][  0]LogShaderLibrary: Display: ShaderCodeLibraryPakFileMountedCallback: pending pak file info (ChunkID:-1 Root:root:/ File:C:/Program Files/Epic Games/UE_4.27/FeaturePacks/TP_TwinStickBP.upack)
[2022.03.10-13.30.57:211][  0]LogPakFile: OnPakFileMounted2Time == 0.000026
[2022.03.10-13.30.57:212][  0]LogPakFile: PakFile PrimaryIndexSize=183
[2022.03.10-13.30.57:212][  0]LogPakFile: PakFile PathHashIndexSize=101
[2022.03.10-13.30.57:212][  0]LogPakFile: PakFile FullDirectoryIndexSize=140
[2022.03.10-13.30.57:212][  0]LogShaderLibrary: Display: ShaderCodeLibraryPakFileMountedCallback: PakFile 'C:/Program Files/Epic Games/UE_4.27/FeaturePacks/TP_Vehicle.upack' (chunk index -1, root 'root:/') mounted
[2022.03.10-13.30.57:212][  0]LogShaderLibrary: Display: ShaderCodeLibraryPakFileMountedCallback: pending pak file info (ChunkID:-1 Root:root:/ File:C:/Program Files/Epic Games/UE_4.27/FeaturePacks/TP_Vehicle.upack)
[2022.03.10-13.30.57:212][  0]LogPakFile: OnPakFileMounted2Time == 0.000027
[2022.03.10-13.30.57:212][  0]LogPakFile: PakFile PrimaryIndexSize=186
[2022.03.10-13.30.57:212][  0]LogPakFile: PakFile PathHashIndexSize=101
[2022.03.10-13.30.57:212][  0]LogPakFile: PakFile FullDirectoryIndexSize=146
[2022.03.10-13.30.57:212][  0]LogShaderLibrary: Display: ShaderCodeLibraryPakFileMountedCallback: PakFile 'C:/Program Files/Epic Games/UE_4.27/FeaturePacks/TP_VehicleAdv.upack' (chunk index -1, root 'root:/') mounted
[2022.03.10-13.30.57:212][  0]LogShaderLibrary: Display: ShaderCodeLibraryPakFileMountedCallback: pending pak file info (ChunkID:-1 Root:root:/ File:C:/Program Files/Epic Games/UE_4.27/FeaturePacks/TP_VehicleAdv.upack)
[2022.03.10-13.30.57:212][  0]LogPakFile: OnPakFileMounted2Time == 0.000026
[2022.03.10-13.30.57:213][  0]LogPakFile: PakFile PrimaryIndexSize=188
[2022.03.10-13.30.57:213][  0]LogPakFile: PakFile PathHashIndexSize=101
[2022.03.10-13.30.57:213][  0]LogPakFile: PakFile FullDirectoryIndexSize=150
[2022.03.10-13.30.57:213][  0]LogShaderLibrary: Display: ShaderCodeLibraryPakFileMountedCallback: PakFile 'C:/Program Files/Epic Games/UE_4.27/FeaturePacks/TP_VehicleAdvBP.upack' (chunk index -1, root 'root:/') mounted
[2022.03.10-13.30.57:213][  0]LogShaderLibrary: Display: ShaderCodeLibraryPakFileMountedCallback: pending pak file info (ChunkID:-1 Root:root:/ File:C:/Program Files/Epic Games/UE_4.27/FeaturePacks/TP_VehicleAdvBP.upack)
[2022.03.10-13.30.57:213][  0]LogPakFile: OnPakFileMounted2Time == 0.000052
[2022.03.10-13.30.57:213][  0]LogPakFile: PakFile PrimaryIndexSize=185
[2022.03.10-13.30.57:213][  0]LogPakFile: PakFile PathHashIndexSize=101
[2022.03.10-13.30.57:213][  0]LogPakFile: PakFile FullDirectoryIndexSize=144
[2022.03.10-13.30.57:213][  0]LogShaderLibrary: Display: ShaderCodeLibraryPakFileMountedCallback: PakFile 'C:/Program Files/Epic Games/UE_4.27/FeaturePacks/TP_VehicleBP.upack' (chunk index -1, root 'root:/') mounted
[2022.03.10-13.30.57:213][  0]LogShaderLibrary: Display: ShaderCodeLibraryPakFileMountedCallback: pending pak file info (ChunkID:-1 Root:root:/ File:C:/Program Files/Epic Games/UE_4.27/FeaturePacks/TP_VehicleBP.upack)
[2022.03.10-13.30.57:213][  0]LogPakFile: OnPakFileMounted2Time == 0.000026
[2022.03.10-13.30.57:214][  0]LogPakFile: PakFile PrimaryIndexSize=192
[2022.03.10-13.30.57:214][  0]LogPakFile: PakFile PathHashIndexSize=101
[2022.03.10-13.30.57:214][  0]LogPakFile: PakFile FullDirectoryIndexSize=158
[2022.03.10-13.30.57:214][  0]LogShaderLibrary: Display: ShaderCodeLibraryPakFileMountedCallback: PakFile 'C:/Program Files/Epic Games/UE_4.27/FeaturePacks/TP_VirtualRealityBP.upack' (chunk index -1, root 'root:/') mounted
[2022.03.10-13.30.57:214][  0]LogShaderLibrary: Display: ShaderCodeLibraryPakFileMountedCallback: pending pak file info (ChunkID:-1 Root:root:/ File:C:/Program Files/Epic Games/UE_4.27/FeaturePacks/TP_VirtualRealityBP.upack)
[2022.03.10-13.30.57:214][  0]LogPakFile: OnPakFileMounted2Time == 0.000028
[2022.03.10-13.30.57:260][  0]LogNativeClassHierarchy: Verbose: Native class hierarchy updated for 'AddContentDialog' in 0.0003 seconds. Added 0 classes and 0 folders.
[2022.03.10-13.30.57:262][  0]LogNativeClassHierarchy: Verbose: Native class hierarchy updated for 'SceneOutliner' in 0.0003 seconds. Added 2 classes and 0 folders.
[2022.03.10-13.30.57:316][  0]LogSlate: Took 0.000434 seconds to synchronously load lazily loaded font '../../../Engine/Content/Slate/Fonts/Roboto-Regular.ttf' (155K)
[2022.03.10-13.30.57:317][  0]LogSlate: Took 0.000220 seconds to synchronously load lazily loaded font '../../../Engine/Content/Editor/Slate/Fonts/FontAwesome.ttf' (139K)
[2022.03.10-13.30.57:318][  0]LogSlate: Took 0.000243 seconds to synchronously load lazily loaded font '../../../Engine/Content/Slate/Fonts/Roboto-Bold.ttf' (160K)
[2022.03.10-13.30.57:452][  0]LogRenderer: Reallocating scene render targets to support 1920x1080 Format 10 NumSamples 4 (Frame:1).
[2022.03.10-13.30.57:662][  0]LogNativeClassHierarchy: Verbose: Native class hierarchy updated for 'HierarchicalLODOutliner' in 0.0003 seconds. Added 0 classes and 0 folders.
[2022.03.10-13.30.57:662][  0]LogLoad: (Engine Initialization) Total time: 9.09 seconds
[2022.03.10-13.30.57:662][  0]LogLoad: (Engine Initialization) Total Blueprint compile time: 0.00 seconds
[2022.03.10-13.30.57:708][  0]LogAssetRegistry: Asset discovery search completed in 5.9900 seconds
[2022.03.10-13.30.57:713][  0]LogCollectionManager: Fixed up redirectors for 0 collections in 0.000004 seconds (updated 0 objects)
[2022.03.10-13.30.57:715][  0]LogContentStreaming: Texture pool size now 1000 MB
[2022.03.10-13.30.57:761][  1]LogResonanceAudio: Display: Resonance Audio Listener is initialized
[2022.03.10-13.30.57:819][  3]LogSlate: Took 0.000121 seconds to synchronously load lazily loaded font '../../../Engine/Content/Slate/Fonts/Roboto-Light.ttf' (167K)
[2022.03.10-13.31.14:682][663]LogActorFactory: Actor Factory created Rampart
[2022.03.10-13.31.22:279][214]LogActorFactory: Actor Factory created Rampart
